TN:
SF:/src/CppUnitTestDemo/OpenCppCoverageDemo/TestSource/TestSource.cpp
FN:4,SayHello
FN:13,add
FN:15,_Z41__static_initialization_and_destruction_0ii
FN:15,_GLOBAL__sub_I_TestSource.cpp
FNDA:1,SayHello
FNDA:2,add
FNDA:1,_GLOBAL__sub_I_TestSource.cpp
FNDA:1,_Z41__static_initialization_and_destruction_0ii
FNF:4
FNH:4
DA:4,1
DA:5,1
DA:6,1
DA:9,0
DA:11,1
DA:13,2
DA:14,2
DA:15,3
LF:8
LH:7
end_of_record
SF:/usr/local/include/c++/7.1.0/iostream
DA:74,1
LF:1
LH:1
end_of_record
TN:
SF:/src/CppUnitTestDemo/OpenCppCoverageDemo/GoogleTest/gtest_main.cc
FN:34,main
FN:38,_Z41__static_initialization_and_destruction_0ii
FN:38,_GLOBAL__sub_I_main
FNDA:1,main
FNDA:1,_GLOBAL__sub_I_main
FNDA:1,_Z41__static_initialization_and_destruction_0ii
FNF:3
FNH:3
DA:34,1
DA:35,1
DA:36,1
DA:37,1
DA:38,3
LF:5
LH:5
end_of_record
SF:/src/CppUnitTestDemo/OpenCppCoverageDemo/imports/googletest/googletest/include/gtest/gtest.h
FN:2232,_Z13RUN_ALL_TESTSv
FNDA:1,_Z13RUN_ALL_TESTSv
FNF:1
FNH:1
DA:2232,1
DA:2233,1
LF:2
LH:2
end_of_record
SF:/usr/local/include/c++/7.1.0/iostream
DA:74,1
LF:1
LH:1
end_of_record
TN:
SF:/src/CppUnitTestDemo/OpenCppCoverageDemo/imports/googletest/googletest/include/gtest/gtest-message.h
FN:85,_ZN7testing7MessageD2Ev
FN:96,_ZN7testing7MessageC2ERKS0_
FN:115,_ZN7testing7MessagelsIS0_EERS0_RKT_
FN:115,_ZN7testing7MessagelsIA30_cEERS0_RKT_
FN:115,_ZN7testing7MessagelsIA37_cEERS0_RKT_
FN:115,_ZN7testing7MessagelsINS_14TestPartResultEEERS0_RKT_
FN:115,_ZN7testing7MessagelsIA64_cEERS0_RKT_
FN:115,_ZN7testing7MessagelsIA28_cEERS0_RKT_
FN:115,_ZN7testing7MessagelsIdEERS0_RKT_
FN:115,_ZN7testing7MessagelsIA6_cEERS0_RKT_
FN:115,_ZN7testing7MessagelsIA35_cEERS0_RKT_
FN:115,_ZN7testing7MessagelsIA62_cEERS0_RKT_
FN:115,_ZN7testing7MessagelsIA25_cEERS0_RKT_
FN:115,_ZN7testing7MessagelsIA48_cEERS0_RKT_
FN:115,_ZN7testing7MessagelsIA9_cEERS0_RKT_
FN:115,_ZN7testing7MessagelsIA3_cEERS0_RKT_
FN:115,_ZN7testing7MessagelsIA24_cEERS0_RKT_
FN:115,_ZN7testing7MessagelsIA33_cEERS0_RKT_
FN:115,_ZN7testing7MessagelsIA34_cEERS0_RKT_
FN:115,_ZN7testing7MessagelsIA68_cEERS0_RKT_
FN:115,_ZN7testing7MessagelsIA4_cEERS0_RKT_
FN:115,_ZN7testing7MessagelsIA12_cEERS0_RKT_
FN:115,_ZN7testing7MessagelsIA2_cEERS0_RKT_
FN:115,_ZN7testing7MessagelsIA59_cEERS0_RKT_
FN:115,_ZN7testing7MessagelsIA8_cEERS0_RKT_
FN:115,_ZN7testing7MessagelsIcEERS0_RKT_
FN:115,_ZN7testing7MessagelsImEERS0_RKT_
FN:115,_ZN7testing7MessagelsIA14_cEERS0_RKT_
FN:115,_ZN7testing7MessagelsIA47_cEERS0_RKT_
FN:115,_ZN7testing7MessagelsIA22_cEERS0_RKT_
FN:115,_ZN7testing7MessagelsIA16_cEERS0_RKT_
FN:115,_ZN7testing7MessagelsIA19_cEERS0_RKT_
FN:115,_ZN7testing7MessagelsIiEERS0_RKT_
FN:115,_ZN7testing7MessagelsINSt7__cxx1112basic_stringIcSt11char_traitsIcESaIcEEEEERS0_RKT_
FN:115,_ZN7testing7MessagelsIA63_cEERS0_RKT_
FN:115,_ZN7testing7MessagelsIA5_cEERS0_RKT_
FN:115,_ZN7testing7MessagelsIA10_cEERS0_RKT_
FN:115,_ZN7testing7MessagelsIA15_cEERS0_RKT_
FN:115,_ZN7testing7MessagelsIA18_cEERS0_RKT_
FN:115,_ZN7testing7MessagelsIA31_cEERS0_RKT_
FN:115,_ZN7testing7MessagelsIA20_cEERS0_RKT_
FN:115,_ZN7testing7MessagelsIxEERS0_RKT_
FN:115,_ZN7testing7MessagelsIA39_cEERS0_RKT_
FN:115,_ZN7testing7MessagelsIA11_cEERS0_RKT_
FN:115,_ZN7testing7MessagelsIA40_cEERS0_RKT_
FN:115,_ZN7testing7MessagelsIA29_cEERS0_RKT_
FN:115,_ZN7testing7MessagelsIA256_cEERS0_RKT_
FN:115,_ZN7testing7MessagelsIA21_cEERS0_RKT_
FN:115,_ZN7testing7MessagelsIA50_cEERS0_RKT_
FN:115,_ZN7testing7MessagelsIA13_cEERS0_RKT_
FN:115,_ZN7testing7MessagelsIA7_cEERS0_RKT_
FN:115,_ZN7testing7MessagelsIA41_cEERS0_RKT_
FN:115,_ZN7testing7MessagelsIA51_cEERS0_RKT_
FN:115,_ZN7testing7MessagelsIA17_cEERS0_RKT_
FN:115,_ZN7testing7MessagelsIA52_cEERS0_RKT_
FN:115,_ZN7testing7MessagelsIA53_cEERS0_RKT_
FN:149,_ZN7testing7MessagelsIKcEERS0_RKPT_
FN:149,_ZN7testing7MessagelsIcEERS0_RKPT_
FN:232,_ZN7testinglsERSoRKNS_7MessageE
FN:243,_ZN7testing8internal18StreamableToStringIPwEENSt7__cxx1112basic_stringIcSt11char_traitsIcESaIcEEERKT_
FN:243,_ZN7testing8internal18StreamableToStringIiEENSt7__cxx1112basic_stringIcSt11char_traitsIcESaIcEEERKT_
FN:243,_ZN7testing8internal18StreamableToStringIPcEENSt7__cxx1112basic_stringIcSt11char_traitsIcESaIcEEERKT_
FN:243,_ZN7testing8internal18StreamableToStringIxEENSt7__cxx1112basic_stringIcSt11char_traitsIcESaIcEEERKT_
FNDA:0,_ZN7testing7MessageD2Ev
FNDA:0,_ZN7testing7MessageC2ERKS0_
FNDA:0,_ZN7testing7MessagelsIA29_cEERS0_RKT_
FNDA:0,_ZN7testing7MessagelsIdEERS0_RKT_
FNDA:0,_ZN7testing7MessagelsIA14_cEERS0_RKT_
FNDA:7,_ZN7testing7MessagelsIxEERS0_RKT_
FNDA:0,_ZN7testing7MessagelsIA34_cEERS0_RKT_
FNDA:0,_ZN7testing7MessagelsIA20_cEERS0_RKT_
FNDA:0,_ZN7testing7MessagelsIA50_cEERS0_RKT_
FNDA:0,_ZN7testing7MessagelsIS0_EERS0_RKT_
FNDA:0,_ZN7testing7MessagelsIA52_cEERS0_RKT_
FNDA:0,_ZN7testing7MessagelsIA51_cEERS0_RKT_
FNDA:0,_ZN7testing7MessagelsIA47_cEERS0_RKT_
FNDA:0,_ZN7testing7MessagelsIA28_cEERS0_RKT_
FNDA:0,_ZN7testing7MessagelsIA256_cEERS0_RKT_
FNDA:0,_ZN7testing7MessagelsImEERS0_RKT_
FNDA:0,_ZN7testing7MessagelsIA53_cEERS0_RKT_
FNDA:0,_ZN7testing7MessagelsIA25_cEERS0_RKT_
FNDA:0,_ZN7testing7MessagelsIA21_cEERS0_RKT_
FNDA:0,_ZN7testing7MessagelsIA35_cEERS0_RKT_
FNDA:0,_ZN7testing7MessagelsIA16_cEERS0_RKT_
FNDA:0,_ZN7testing7MessagelsIA48_cEERS0_RKT_
FNDA:0,_ZN7testing7MessagelsIA9_cEERS0_RKT_
FNDA:0,_ZN7testing7MessagelsIA19_cEERS0_RKT_
FNDA:0,_ZN7testing7MessagelsIA41_cEERS0_RKT_
FNDA:0,_ZN7testing7MessagelsIA8_cEERS0_RKT_
FNDA:0,_ZN7testing7MessagelsIA4_cEERS0_RKT_
FNDA:16,_ZN7testing7MessagelsIA7_cEERS0_RKT_
FNDA:0,_ZN7testing7MessagelsIA68_cEERS0_RKT_
FNDA:0,_ZN7testing7MessagelsIA37_cEERS0_RKT_
FNDA:0,_ZN7testing7MessagelsIA22_cEERS0_RKT_
FNDA:0,_ZN7testing7MessagelsIA33_cEERS0_RKT_
FNDA:0,_ZN7testing7MessagelsIA63_cEERS0_RKT_
FNDA:0,_ZN7testing7MessagelsIA31_cEERS0_RKT_
FNDA:0,_ZN7testing7MessagelsIA62_cEERS0_RKT_
FNDA:0,_ZN7testing7MessagelsIA39_cEERS0_RKT_
FNDA:0,_ZN7testing7MessagelsIA30_cEERS0_RKT_
FNDA:0,_ZN7testing7MessagelsIA6_cEERS0_RKT_
FNDA:0,_ZN7testing7MessagelsIA24_cEERS0_RKT_
FNDA:0,_ZN7testing7MessagelsIA59_cEERS0_RKT_
FNDA:0,_ZN7testing7MessagelsIA64_cEERS0_RKT_
FNDA:0,_ZN7testing7MessagelsIA40_cEERS0_RKT_
FNDA:0,_ZN7testing7MessagelsIA5_cEERS0_RKT_
FNDA:0,_ZN7testing7MessagelsIA3_cEERS0_RKT_
FNDA:0,_ZN7testing7MessagelsIA12_cEERS0_RKT_
FNDA:0,_ZN7testing7MessagelsIA13_cEERS0_RKT_
FNDA:0,_ZN7testing7MessagelsIA15_cEERS0_RKT_
FNDA:0,_ZN7testing7MessagelsIA18_cEERS0_RKT_
FNDA:0,_ZN7testing7MessagelsIA17_cEERS0_RKT_
FNDA:294,_ZN7testing7MessagelsIcEERS0_RKT_
FNDA:0,_ZN7testing7MessagelsINS_14TestPartResultEEERS0_RKT_
FNDA:0,_ZN7testing7MessagelsIA10_cEERS0_RKT_
FNDA:11,_ZN7testing7MessagelsIiEERS0_RKT_
FNDA:0,_ZN7testing7MessagelsIA2_cEERS0_RKT_
FNDA:0,_ZN7testing7MessagelsINSt7__cxx1112basic_stringIcSt11char_traitsIcESaIcEEEEERS0_RKT_
FNDA:0,_ZN7testing7MessagelsIA11_cEERS0_RKT_
FNDA:1,_ZN7testing7MessagelsIcEERS0_RKPT_
FNDA:16,_ZN7testing7MessagelsIKcEERS0_RKPT_
FNDA:0,_ZN7testinglsERSoRKNS_7MessageE
FNDA:0,_ZN7testing8internal18StreamableToStringIPwEENSt7__cxx1112basic_stringIcSt11char_traitsIcESaIcEEERKT_
FNDA:1,_ZN7testing8internal18StreamableToStringIPcEENSt7__cxx1112basic_stringIcSt11char_traitsIcESaIcEEERKT_
FNDA:7,_ZN7testing8internal18StreamableToStringIxEENSt7__cxx1112basic_stringIcSt11char_traitsIcESaIcEEERKT_
FNDA:11,_ZN7testing8internal18StreamableToStringIiEENSt7__cxx1112basic_stringIcSt11char_traitsIcESaIcEEERKT_
FNF:63
FNH:9
DA:85,0
DA:96,0
DA:97,0
DA:98,0
DA:115,328
DA:131,328
DA:132,328
DA:149,17
DA:150,17
DA:151,0
DA:153,17
DA:155,17
DA:232,0
DA:233,0
DA:243,19
DA:244,19
LF:16
LH:9
end_of_record
SF:/src/CppUnitTestDemo/OpenCppCoverageDemo/imports/googletest/googletest/include/gtest/gtest-printers.h
FN:222,_ZN16testing_internal26DefaultPrintNonContainerToIxEEvRKT_PSo
FN:275,_ZN7testing8internal19FormatForComparisonIxxE6FormatB5cxx11ERKx
FN:349,_ZN7testing8internal33FormatForComparisonFailureMessageIxxEENSt7__cxx1112basic_stringIcSt11char_traitsIcESaIcEEERKT_RKT0_
FN:436,_ZN7testing8internal14DefaultPrintToIxEEvcNS0_13bool_constantILb0EEERKT_PSo
FN:454,_ZN7testing8internal7PrintToIxEEvRKT_PSo
FN:565,_ZN7testing8internal7PrintToERKNSt7__cxx1112basic_stringIcSt11char_traitsIcESaIcEEEPSo
FN:579,_ZN7testing8internal7PrintToERKNSt7__cxx1112basic_stringIwSt11char_traitsIwESaIwEEEPSo
FN:698,_ZN7testing8internal16UniversalPrinterINSt7__cxx1112basic_stringIwSt11char_traitsIwESaIwEEEE5PrintERKS7_PSo
FN:698,_ZN7testing8internal16UniversalPrinterINSt7__cxx1112basic_stringIcSt11char_traitsIcESaIcEEEE5PrintERKS7_PSo
FN:698,_ZN7testing8internal16UniversalPrinterIxE5PrintERKxPSo
FN:783,_ZN7testing8internal21UniversalTersePrinterIxE5PrintERKxPSo
FN:804,_ZN7testing8internal21UniversalTersePrinterIPKcE5PrintES3_PSo
FN:824,_ZN7testing8internal21UniversalTersePrinterIPKwE5PrintES3_PSo
FN:852,_ZN7testing8internal14UniversalPrintINSt7__cxx1112basic_stringIcSt11char_traitsIcESaIcEEEEEvRKT_PSo
FN:852,_ZN7testing8internal14UniversalPrintINSt7__cxx1112basic_stringIwSt11char_traitsIwESaIwEEEEEvRKT_PSo
FN:852,_ZN7testing8internal14UniversalPrintIxEEvRKT_PSo
FN:980,_ZN7testing13PrintToStringIPKcEENSt7__cxx1112basic_stringIcSt11char_traitsIcESaIcEEERKT_
FN:980,_ZN7testing13PrintToStringIPKwEENSt7__cxx1112basic_stringIcSt11char_traitsIcESaIcEEERKT_
FN:980,_ZN7testing13PrintToStringIxEENSt7__cxx1112basic_stringIcSt11char_traitsIcESaIcEEERKT_
FNDA:0,_ZN16testing_internal26DefaultPrintNonContainerToIxEEvRKT_PSo
FNDA:0,_ZN7testing8internal19FormatForComparisonIxxE6FormatB5cxx11ERKx
FNDA:0,_ZN7testing8internal33FormatForComparisonFailureMessageIxxEENSt7__cxx1112basic_stringIcSt11char_traitsIcESaIcEEERKT_RKT0_
FNDA:0,_ZN7testing8internal14DefaultPrintToIxEEvcNS0_13bool_constantILb0EEERKT_PSo
FNDA:0,_ZN7testing8internal7PrintToIxEEvRKT_PSo
FNDA:0,_ZN7testing8internal7PrintToERKNSt7__cxx1112basic_stringIcSt11char_traitsIcESaIcEEEPSo
FNDA:0,_ZN7testing8internal7PrintToERKNSt7__cxx1112basic_stringIwSt11char_traitsIwESaIwEEEPSo
FNDA:0,_ZN7testing8internal16UniversalPrinterIxE5PrintERKxPSo
FNDA:0,_ZN7testing8internal16UniversalPrinterINSt7__cxx1112basic_stringIwSt11char_traitsIwESaIwEEEE5PrintERKS7_PSo
FNDA:0,_ZN7testing8internal16UniversalPrinterINSt7__cxx1112basic_stringIcSt11char_traitsIcESaIcEEEE5PrintERKS7_PSo
FNDA:0,_ZN7testing8internal21UniversalTersePrinterIxE5PrintERKxPSo
FNDA:0,_ZN7testing8internal21UniversalTersePrinterIPKcE5PrintES3_PSo
FNDA:0,_ZN7testing8internal21UniversalTersePrinterIPKwE5PrintES3_PSo
FNDA:0,_ZN7testing8internal14UniversalPrintIxEEvRKT_PSo
FNDA:0,_ZN7testing8internal14UniversalPrintINSt7__cxx1112basic_stringIwSt11char_traitsIwESaIwEEEEEvRKT_PSo
FNDA:0,_ZN7testing8internal14UniversalPrintINSt7__cxx1112basic_stringIcSt11char_traitsIcESaIcEEEEEvRKT_PSo
FNDA:0,_ZN7testing13PrintToStringIxEENSt7__cxx1112basic_stringIcSt11char_traitsIcESaIcEEERKT_
FNDA:0,_ZN7testing13PrintToStringIPKwEENSt7__cxx1112basic_stringIcSt11char_traitsIcESaIcEEERKT_
FNDA:0,_ZN7testing13PrintToStringIPKcEENSt7__cxx1112basic_stringIcSt11char_traitsIcESaIcEEERKT_
FNF:19
FNH:0
DA:222,0
DA:249,0
DA:250,0
DA:275,0
DA:276,0
DA:349,0
DA:351,0
DA:436,0
DA:439,0
DA:440,0
DA:454,0
DA:477,0
DA:478,0
DA:565,0
DA:566,0
DA:567,0
DA:579,0
DA:580,0
DA:581,0
DA:698,0
DA:707,0
DA:708,0
DA:783,0
DA:784,0
DA:785,0
DA:804,0
DA:805,0
DA:806,0
DA:808,0
DA:810,0
DA:824,0
DA:825,0
DA:826,0
DA:828,0
DA:830,0
DA:852,0
DA:856,0
DA:857,0
DA:980,0
DA:981,0
DA:982,0
DA:983,0
LF:42
LH:0
end_of_record
SF:/src/CppUnitTestDemo/OpenCppCoverageDemo/imports/googletest/googletest/include/gtest/gtest-test-part.h
FN:47,_ZN7testing14TestPartResultC2EOS0_
FN:47,_ZN7testing14TestPartResultC2ERKS0_
FN:47,_ZN7testing14TestPartResultD2Ev
FN:60,_ZN7testing14TestPartResultC2ENS0_4TypeEPKciS3_
FN:72,_ZNK7testing14TestPartResult4typeEv
FN:76,_ZNK7testing14TestPartResult9file_nameEv
FN:82,_ZNK7testing14TestPartResult11line_numberEv
FN:85,_ZNK7testing14TestPartResult7summaryEv
FN:88,_ZNK7testing14TestPartResult7messageEv
FN:94,_ZNK7testing14TestPartResult6failedEv
FN:97,_ZNK7testing14TestPartResult17nonfatally_failedEv
FN:100,_ZNK7testing14TestPartResult14fatally_failedEv
FN:146,_ZN7testing31TestPartResultReporterInterfaceC2Ev
FN:148,_ZN7testing31TestPartResultReporterInterfaceD2Ev
FN:148,_ZN7testing31TestPartResultReporterInterfaceD0Ev
FNDA:0,_ZN7testing14TestPartResultC2ERKS0_
FNDA:0,_ZN7testing14TestPartResultC2EOS0_
FNDA:0,_ZN7testing14TestPartResultD2Ev
FNDA:0,_ZN7testing14TestPartResultC2ENS0_4TypeEPKciS3_
FNDA:0,_ZNK7testing14TestPartResult4typeEv
FNDA:0,_ZNK7testing14TestPartResult9file_nameEv
FNDA:0,_ZNK7testing14TestPartResult11line_numberEv
FNDA:0,_ZNK7testing14TestPartResult7summaryEv
FNDA:0,_ZNK7testing14TestPartResult7messageEv
FNDA:0,_ZNK7testing14TestPartResult6failedEv
FNDA:0,_ZNK7testing14TestPartResult17nonfatally_failedEv
FNDA:0,_ZNK7testing14TestPartResult14fatally_failedEv
FNDA:2,_ZN7testing31TestPartResultReporterInterfaceC2Ev
FNDA:0,_ZN7testing31TestPartResultReporterInterfaceD0Ev
FNDA:2,_ZN7testing31TestPartResultReporterInterfaceD2Ev
FNF:15
FNH:2
DA:47,0
DA:60,0
DA:64,0
DA:68,0
DA:69,0
DA:72,0
DA:76,0
DA:77,0
DA:82,0
DA:85,0
DA:88,0
DA:94,0
DA:97,0
DA:100,0
DA:146,2
DA:148,2
LF:16
LH:2
end_of_record
SF:/src/CppUnitTestDemo/OpenCppCoverageDemo/imports/googletest/googletest/include/gtest/gtest.h
FN:256,_ZN7testing15AssertionResultD2Ev
FN:272,_ZN7testing15AssertionResultC2IbEERKT_PNS_8internal8EnableIfIXntsrNS5_21ImplicitlyConvertibleIS2_S0_EE5valueEE4typeE
FN:288,_ZNK7testing15AssertionResultcvbEv
FN:297,_ZNK7testing15AssertionResult7messageEv
FN:302,_ZNK7testing15AssertionResult15failure_messageEv
FN:305,_ZN7testing15AssertionResultlsIA9_cEERS0_RKT_
FN:305,_ZN7testing15AssertionResultlsIdEERS0_RKT_
FN:305,_ZN7testing15AssertionResultlsIA7_cEERS0_RKT_
FN:305,_ZN7testing15AssertionResultlsIA14_cEERS0_RKT_
FN:305,_ZN7testing15AssertionResultlsIA3_cEERS0_RKT_
FN:305,_ZN7testing15AssertionResultlsIPKcEERS0_RKT_
FN:305,_ZN7testing15AssertionResultlsIA5_cEERS0_RKT_
FN:305,_ZN7testing15AssertionResultlsINSt7__cxx1112basic_stringIwSt11char_traitsIwESaIwEEEEERS0_RKT_
FN:305,_ZN7testing15AssertionResultlsIA6_cEERS0_RKT_
FN:305,_ZN7testing15AssertionResultlsIA29_cEERS0_RKT_
FN:305,_ZN7testing15AssertionResultlsIA24_cEERS0_RKT_
FN:305,_ZN7testing15AssertionResultlsIA2_cEERS0_RKT_
FN:305,_ZN7testing15AssertionResultlsINS_14TestPartResultEEERS0_RKT_
FN:305,_ZN7testing15AssertionResultlsIA16_cEERS0_RKT_
FN:305,_ZN7testing15AssertionResultlsIA13_cEERS0_RKT_
FN:305,_ZN7testing15AssertionResultlsIA11_cEERS0_RKT_
FN:305,_ZN7testing15AssertionResultlsIA17_cEERS0_RKT_
FN:305,_ZN7testing15AssertionResultlsIA15_cEERS0_RKT_
FN:305,_ZN7testing15AssertionResultlsINSt7__cxx1112basic_stringIcSt11char_traitsIcESaIcEEEEERS0_RKT_
FN:305,_ZN7testing15AssertionResultlsIA12_cEERS0_RKT_
FN:305,_ZN7testing15AssertionResultlsIPKwEERS0_RKT_
FN:305,_ZN7testing15AssertionResultlsINS_7MessageEEERS0_RKT_
FN:320,_ZN7testing15AssertionResult13AppendMessageERKNS_7MessageE
FN:453,_ZN7testing4Test11DeleteSelf_Ev
FN:474,_ZN7testing4Test5SetupEv
FN:486,_ZN7testing12TestPropertyC2ERKS0_
FN:486,_ZN7testing12TestPropertyD2Ev
FN:486,_ZN7testing12TestPropertyC2EOS0_
FN:491,_ZN7testing12TestPropertyC2ERKNSt7__cxx1112basic_stringIcSt11char_traitsIcESaIcEEES8_
FN:496,_ZNK7testing12TestProperty3keyEv
FN:501,_ZNK7testing12TestProperty5valueEv
FN:506,_ZN7testing12TestProperty8SetValueERKNSt7__cxx1112basic_stringIcSt11char_traitsIcESaIcEEE
FN:539,_ZNK7testing10TestResult6PassedEv
FN:551,_ZNK7testing10TestResult12elapsed_timeEv
FN:584,_ZN7testing10TestResult16set_elapsed_timeEx
FN:605,_ZNK7testing10TestResult16death_test_countEv
FN:608,_ZN7testing10TestResult26increment_death_test_countEv
FN:651,_ZNK7testing8TestInfo14test_case_nameEv
FN:654,_ZNK7testing8TestInfo4nameEv
FN:658,_ZNK7testing8TestInfo10type_paramEv
FN:666,_ZNK7testing8TestInfo11value_paramEv
FN:694,_ZNK7testing8TestInfo10should_runEv
FN:697,_ZNK7testing8TestInfo13is_reportableEv
FN:705,_ZNK7testing8TestInfo6resultEv
FN:738,_ZN7testing8TestInfo26increment_death_test_countEv
FN:746,_ZN7testing8TestInfo15ClearTestResultEPS0_
FN:800,_ZNK7testing8TestCase4nameEv
FN:804,_ZNK7testing8TestCase10type_paramEv
FN:811,_ZNK7testing8TestCase10should_runEv
FN:835,_ZNK7testing8TestCase6PassedEv
FN:838,_ZNK7testing8TestCase6FailedEv
FN:841,_ZNK7testing8TestCase12elapsed_timeEv
FN:849,_ZNK7testing8TestCase18ad_hoc_test_resultEv
FN:856,_ZN7testing8TestCase14test_info_listEv
FN:859,_ZNK7testing8TestCase14test_info_listEv
FN:868,_ZN7testing8TestCase14set_should_runEb
FN:878,_ZN7testing8TestCase19ClearTestCaseResultEPS0_
FN:887,_ZN7testing8TestCase16RunSetUpTestCaseEv
FN:891,_ZN7testing8TestCase19RunTearDownTestCaseEv
FN:894,_ZN7testing8TestCase10TestPassedEPKNS_8TestInfoE
FN:899,_ZN7testing8TestCase10TestFailedEPKNS_8TestInfoE
FN:905,_ZN7testing8TestCase22TestReportableDisabledEPKNS_8TestInfoE
FN:910,_ZN7testing8TestCase12TestDisabledEPKNS_8TestInfoE
FN:915,_ZN7testing8TestCase14TestReportableEPKNS_8TestInfoE
FN:920,_ZN7testing8TestCase13ShouldRunTestEPKNS_8TestInfoE
FN:991,_ZN7testing17TestEventListenerC2Ev
FN:993,_ZN7testing17TestEventListenerD2Ev
FN:993,_ZN7testing17TestEventListenerD0Ev
FN:1044,_ZN7testing22EmptyTestEventListenerD2Ev
FN:1044,_ZN7testing22EmptyTestEventListenerC2Ev
FN:1044,_ZN7testing22EmptyTestEventListenerD0Ev
FN:1046,_ZN7testing22EmptyTestEventListener18OnTestProgramStartERKNS_8UnitTestE
FN:1047,_ZN7testing22EmptyTestEventListener20OnTestIterationStartERKNS_8UnitTestEi
FN:1049,_ZN7testing22EmptyTestEventListener24OnEnvironmentsSetUpStartERKNS_8UnitTestE
FN:1050,_ZN7testing22EmptyTestEventListener22OnEnvironmentsSetUpEndERKNS_8UnitTestE
FN:1051,_ZN7testing22EmptyTestEventListener15OnTestCaseStartERKNS_8TestCaseE
FN:1052,_ZN7testing22EmptyTestEventListener11OnTestStartERKNS_8TestInfoE
FN:1053,_ZN7testing22EmptyTestEventListener16OnTestPartResultERKNS_14TestPartResultE
FN:1054,_ZN7testing22EmptyTestEventListener9OnTestEndERKNS_8TestInfoE
FN:1055,_ZN7testing22EmptyTestEventListener13OnTestCaseEndERKNS_8TestCaseE
FN:1056,_ZN7testing22EmptyTestEventListener27OnEnvironmentsTearDownStartERKNS_8UnitTestE
FN:1057,_ZN7testing22EmptyTestEventListener25OnEnvironmentsTearDownEndERKNS_8UnitTestE
FN:1058,_ZN7testing22EmptyTestEventListener18OnTestIterationEndERKNS_8UnitTestEi
FN:1060,_ZN7testing22EmptyTestEventListener16OnTestProgramEndERKNS_8UnitTestE
FN:1287,_ZN7testing8UnitTest4implEv
FN:1288,_ZNK7testing8UnitTest4implEv
FN:1686,_ZN7testing8internal12AssertHelper16AssertHelperDataD2Ev
FN:1687,_ZN7testing8internal12AssertHelper16AssertHelperDataC2ENS_14TestPartResult4TypeEPKciS6_
FNDA:0,_ZN7testing15AssertionResultD2Ev
FNDA:2,_ZN7testing15AssertionResultC2IbEERKT_PNS_8internal8EnableIfIXntsrNS5_21ImplicitlyConvertibleIS2_S0_EE5valueEE4typeE
FNDA:0,_ZNK7testing15AssertionResultcvbEv
FNDA:0,_ZNK7testing15AssertionResult7messageEv
FNDA:0,_ZNK7testing15AssertionResult15failure_messageEv
FNDA:0,_ZN7testing15AssertionResultlsINSt7__cxx1112basic_stringIwSt11char_traitsIwESaIwEEEEERS0_RKT_
FNDA:0,_ZN7testing15AssertionResultlsIPKwEERS0_RKT_
FNDA:0,_ZN7testing15AssertionResultlsIA16_cEERS0_RKT_
FNDA:0,_ZN7testing15AssertionResultlsIA29_cEERS0_RKT_
FNDA:0,_ZN7testing15AssertionResultlsIA13_cEERS0_RKT_
FNDA:0,_ZN7testing15AssertionResultlsIA12_cEERS0_RKT_
FNDA:0,_ZN7testing15AssertionResultlsIA7_cEERS0_RKT_
FNDA:0,_ZN7testing15AssertionResultlsIA15_cEERS0_RKT_
FNDA:0,_ZN7testing15AssertionResultlsIA9_cEERS0_RKT_
FNDA:0,_ZN7testing15AssertionResultlsIA17_cEERS0_RKT_
FNDA:0,_ZN7testing15AssertionResultlsIdEERS0_RKT_
FNDA:0,_ZN7testing15AssertionResultlsIA5_cEERS0_RKT_
FNDA:0,_ZN7testing15AssertionResultlsIA6_cEERS0_RKT_
FNDA:0,_ZN7testing15AssertionResultlsIPKcEERS0_RKT_
FNDA:0,_ZN7testing15AssertionResultlsIA24_cEERS0_RKT_
FNDA:0,_ZN7testing15AssertionResultlsIA3_cEERS0_RKT_
FNDA:0,_ZN7testing15AssertionResultlsIA14_cEERS0_RKT_
FNDA:0,_ZN7testing15AssertionResultlsINS_14TestPartResultEEERS0_RKT_
FNDA:0,_ZN7testing15AssertionResultlsIA2_cEERS0_RKT_
FNDA:0,_ZN7testing15AssertionResultlsINSt7__cxx1112basic_stringIcSt11char_traitsIcESaIcEEEEERS0_RKT_
FNDA:0,_ZN7testing15AssertionResultlsIA11_cEERS0_RKT_
FNDA:0,_ZN7testing15AssertionResultlsINS_7MessageEEERS0_RKT_
FNDA:0,_ZN7testing15AssertionResult13AppendMessageERKNS_7MessageE
FNDA:3,_ZN7testing4Test11DeleteSelf_Ev
FNDA:0,_ZN7testing4Test5SetupEv
FNDA:0,_ZN7testing12TestPropertyC2EOS0_
FNDA:0,_ZN7testing12TestPropertyC2ERKS0_
FNDA:0,_ZN7testing12TestPropertyD2Ev
FNDA:0,_ZN7testing12TestPropertyC2ERKNSt7__cxx1112basic_stringIcSt11char_traitsIcESaIcEEES8_
FNDA:0,_ZNK7testing12TestProperty3keyEv
FNDA:0,_ZNK7testing12TestProperty5valueEv
FNDA:0,_ZN7testing12TestProperty8SetValueERKNSt7__cxx1112basic_stringIcSt11char_traitsIcESaIcEEE
FNDA:6,_ZNK7testing10TestResult6PassedEv
FNDA:3,_ZNK7testing10TestResult12elapsed_timeEv
FNDA:3,_ZN7testing10TestResult16set_elapsed_timeEx
FNDA:0,_ZNK7testing10TestResult16death_test_countEv
FNDA:0,_ZN7testing10TestResult26increment_death_test_countEv
FNDA:9,_ZNK7testing8TestInfo14test_case_nameEv
FNDA:15,_ZNK7testing8TestInfo4nameEv
FNDA:3,_ZNK7testing8TestInfo10type_paramEv
FNDA:0,_ZNK7testing8TestInfo11value_paramEv
FNDA:24,_ZNK7testing8TestInfo10should_runEv
FNDA:3,_ZNK7testing8TestInfo13is_reportableEv
FNDA:21,_ZNK7testing8TestInfo6resultEv
FNDA:0,_ZN7testing8TestInfo26increment_death_test_countEv
FNDA:3,_ZN7testing8TestInfo15ClearTestResultEPS0_
FNDA:12,_ZNK7testing8TestCase4nameEv
FNDA:3,_ZNK7testing8TestCase10type_paramEv
FNDA:15,_ZNK7testing8TestCase10should_runEv
FNDA:0,_ZNK7testing8TestCase6PassedEv
FNDA:6,_ZNK7testing8TestCase6FailedEv
FNDA:3,_ZNK7testing8TestCase12elapsed_timeEv
FNDA:0,_ZNK7testing8TestCase18ad_hoc_test_resultEv
FNDA:9,_ZN7testing8TestCase14test_info_listEv
FNDA:3,_ZNK7testing8TestCase14test_info_listEv
FNDA:6,_ZN7testing8TestCase14set_should_runEb
FNDA:3,_ZN7testing8TestCase19ClearTestCaseResultEPS0_
FNDA:3,_ZN7testing8TestCase16RunSetUpTestCaseEv
FNDA:3,_ZN7testing8TestCase19RunTearDownTestCaseEv
FNDA:3,_ZN7testing8TestCase10TestPassedEPKNS_8TestInfoE
FNDA:9,_ZN7testing8TestCase10TestFailedEPKNS_8TestInfoE
FNDA:3,_ZN7testing8TestCase22TestReportableDisabledEPKNS_8TestInfoE
FNDA:0,_ZN7testing8TestCase12TestDisabledEPKNS_8TestInfoE
FNDA:0,_ZN7testing8TestCase14TestReportableEPKNS_8TestInfoE
FNDA:12,_ZN7testing8TestCase13ShouldRunTestEPKNS_8TestInfoE
FNDA:2,_ZN7testing17TestEventListenerC2Ev
FNDA:0,_ZN7testing17TestEventListenerD0Ev
FNDA:2,_ZN7testing17TestEventListenerD2Ev
FNDA:0,_ZN7testing22EmptyTestEventListenerD0Ev
FNDA:0,_ZN7testing22EmptyTestEventListenerD2Ev
FNDA:0,_ZN7testing22EmptyTestEventListenerC2Ev
FNDA:0,_ZN7testing22EmptyTestEventListener18OnTestProgramStartERKNS_8UnitTestE
FNDA:0,_ZN7testing22EmptyTestEventListener20OnTestIterationStartERKNS_8UnitTestEi
FNDA:0,_ZN7testing22EmptyTestEventListener24OnEnvironmentsSetUpStartERKNS_8UnitTestE
FNDA:0,_ZN7testing22EmptyTestEventListener22OnEnvironmentsSetUpEndERKNS_8UnitTestE
FNDA:0,_ZN7testing22EmptyTestEventListener15OnTestCaseStartERKNS_8TestCaseE
FNDA:0,_ZN7testing22EmptyTestEventListener11OnTestStartERKNS_8TestInfoE
FNDA:0,_ZN7testing22EmptyTestEventListener16OnTestPartResultERKNS_14TestPartResultE
FNDA:0,_ZN7testing22EmptyTestEventListener9OnTestEndERKNS_8TestInfoE
FNDA:0,_ZN7testing22EmptyTestEventListener13OnTestCaseEndERKNS_8TestCaseE
FNDA:0,_ZN7testing22EmptyTestEventListener27OnEnvironmentsTearDownStartERKNS_8UnitTestE
FNDA:0,_ZN7testing22EmptyTestEventListener25OnEnvironmentsTearDownEndERKNS_8UnitTestE
FNDA:0,_ZN7testing22EmptyTestEventListener18OnTestIterationEndERKNS_8UnitTestEi
FNDA:0,_ZN7testing22EmptyTestEventListener16OnTestProgramEndERKNS_8UnitTestE
FNDA:53,_ZN7testing8UnitTest4implEv
FNDA:9,_ZNK7testing8UnitTest4implEv
FNDA:0,_ZN7testing8internal12AssertHelper16AssertHelperDataD2Ev
FNDA:0,_ZN7testing8internal12AssertHelper16AssertHelperDataC2ENS_14TestPartResult4TypeEPKciS6_
FNF:93
FNH:31
DA:256,0
DA:272,2
DA:277,2
DA:288,0
DA:297,0
DA:298,0
DA:302,0
DA:305,0
DA:306,0
DA:307,0
DA:320,0
DA:321,0
DA:322,0
DA:323,0
DA:324,0
DA:453,3
DA:474,0
DA:486,0
DA:491,0
DA:492,0
DA:493,0
DA:496,0
DA:497,0
DA:501,0
DA:502,0
DA:506,0
DA:507,0
DA:508,0
DA:539,6
DA:551,3
DA:584,3
DA:605,0
DA:608,0
DA:651,9
DA:654,15
DA:658,3
DA:659,3
DA:660,0
DA:661,3
DA:666,0
DA:667,0
DA:668,0
DA:669,0
DA:694,24
DA:697,3
DA:701,3
DA:705,21
DA:738,0
DA:739,0
DA:746,3
DA:747,3
DA:748,3
DA:800,12
DA:804,3
DA:805,3
DA:806,0
DA:807,3
DA:811,15
DA:835,0
DA:838,6
DA:841,3
DA:849,0
DA:856,9
DA:859,3
DA:860,3
DA:868,6
DA:878,3
DA:879,3
DA:880,3
DA:887,3
DA:891,3
DA:894,3
DA:895,3
DA:899,9
DA:900,9
DA:905,3
DA:906,3
DA:910,0
DA:911,0
DA:915,0
DA:916,0
DA:920,12
DA:921,12
DA:991,2
DA:993,2
DA:1044,0
DA:1046,0
DA:1047,0
DA:1048,0
DA:1049,0
DA:1050,0
DA:1051,0
DA:1052,0
DA:1053,0
DA:1054,0
DA:1055,0
DA:1056,0
DA:1057,0
DA:1058,0
DA:1059,0
DA:1060,0
DA:1287,53
DA:1288,9
DA:1686,0
DA:1687,0
DA:1691,0
LF:106
LH:46
end_of_record
SF:/src/CppUnitTestDemo/OpenCppCoverageDemo/imports/googletest/googletest/include/gtest/internal/gtest-death-test-internal.h
FN:82,_ZN7testing8internal9DeathTestD2Ev
FN:82,_ZN7testing8internal9DeathTestD0Ev
FN:140,_ZN7testing8internal16DeathTestFactoryC2Ev
FN:142,_ZN7testing8internal16DeathTestFactoryD2Ev
FN:142,_ZN7testing8internal16DeathTestFactoryD0Ev
FN:148,_ZN7testing8internal23DefaultDeathTestFactoryD2Ev
FN:148,_ZN7testing8internal23DefaultDeathTestFactoryC2Ev
FN:148,_ZN7testing8internal23DefaultDeathTestFactoryD0Ev
FN:236,_ZN7testing8internal24InternalRunDeathTestFlagC2ERKNSt7__cxx1112basic_stringIcSt11char_traitsIcESaIcEEEiii
FN:243,_ZN7testing8internal24InternalRunDeathTestFlagD2Ev
FN:248,_ZNK7testing8internal24InternalRunDeathTestFlag4fileB5cxx11Ev
FN:249,_ZNK7testing8internal24InternalRunDeathTestFlag4lineEv
FN:250,_ZNK7testing8internal24InternalRunDeathTestFlag5indexEv
FN:251,_ZNK7testing8internal24InternalRunDeathTestFlag8write_fdEv
FNDA:0,_ZN7testing8internal9DeathTestD0Ev
FNDA:0,_ZN7testing8internal9DeathTestD2Ev
FNDA:1,_ZN7testing8internal16DeathTestFactoryC2Ev
FNDA:0,_ZN7testing8internal16DeathTestFactoryD0Ev
FNDA:1,_ZN7testing8internal16DeathTestFactoryD2Ev
FNDA:1,_ZN7testing8internal23DefaultDeathTestFactoryD0Ev
FNDA:1,_ZN7testing8internal23DefaultDeathTestFactoryD2Ev
FNDA:1,_ZN7testing8internal23DefaultDeathTestFactoryC2Ev
FNDA:0,_ZN7testing8internal24InternalRunDeathTestFlagC2ERKNSt7__cxx1112basic_stringIcSt11char_traitsIcESaIcEEEiii
FNDA:0,_ZN7testing8internal24InternalRunDeathTestFlagD2Ev
FNDA:0,_ZNK7testing8internal24InternalRunDeathTestFlag4fileB5cxx11Ev
FNDA:0,_ZNK7testing8internal24InternalRunDeathTestFlag4lineEv
FNDA:0,_ZNK7testing8internal24InternalRunDeathTestFlag5indexEv
FNDA:0,_ZNK7testing8internal24InternalRunDeathTestFlag8write_fdEv
FNF:14
FNH:5
DA:82,0
DA:140,1
DA:142,1
DA:148,3
DA:236,0
DA:240,0
DA:241,0
DA:243,0
DA:244,0
DA:245,0
DA:246,0
DA:248,0
DA:249,0
DA:250,0
DA:251,0
LF:15
LH:3
end_of_record
SF:/src/CppUnitTestDemo/OpenCppCoverageDemo/imports/googletest/googletest/include/gtest/internal/gtest-filepath.h
FN:59,_ZN7testing8internal8FilePathD2Ev
FN:61,_ZN7testing8internal8FilePathC2Ev
FN:62,_ZN7testing8internal8FilePathC2ERKS1_
FN:64,_ZN7testing8internal8FilePathC2ERKNSt7__cxx1112basic_stringIcSt11char_traitsIcESaIcEEE
FN:68,_ZN7testing8internal8FilePathaSERKS1_
FN:73,_ZN7testing8internal8FilePath3SetERKS1_
FN:77,_ZNK7testing8internal8FilePath6stringB5cxx11Ev
FN:78,_ZNK7testing8internal8FilePath5c_strEv
FN:111,_ZNK7testing8internal8FilePath7IsEmptyEv
FNDA:2,_ZN7testing8internal8FilePathD2Ev
FNDA:1,_ZN7testing8internal8FilePathC2Ev
FNDA:0,_ZN7testing8internal8FilePathC2ERKS1_
FNDA:1,_ZN7testing8internal8FilePathC2ERKNSt7__cxx1112basic_stringIcSt11char_traitsIcESaIcEEE
FNDA:0,_ZN7testing8internal8FilePathaSERKS1_
FNDA:1,_ZN7testing8internal8FilePath3SetERKS1_
FNDA:0,_ZNK7testing8internal8FilePath6stringB5cxx11Ev
FNDA:0,_ZNK7testing8internal8FilePath5c_strEv
FNDA:4,_ZNK7testing8internal8FilePath7IsEmptyEv
FNF:9
FNH:5
DA:59,2
DA:61,1
DA:62,0
DA:64,1
DA:65,1
DA:66,1
DA:68,0
DA:69,0
DA:70,0
DA:73,1
DA:74,1
DA:75,1
DA:77,0
DA:78,0
DA:111,4
LF:15
LH:9
end_of_record
SF:/src/CppUnitTestDemo/OpenCppCoverageDemo/imports/googletest/googletest/include/gtest/internal/gtest-internal.h
FN:148,_ZN7testing8internal26GoogleTestFailureExceptionD2Ev
FN:148,_ZN7testing8internal26GoogleTestFailureExceptionD0Ev
FN:310,_ZN7testing8internal13FloatingPointIfEC2ERKf
FN:310,_ZN7testing8internal13FloatingPointIdEC2ERKd
FN:337,_ZNK7testing8internal13FloatingPointIdE13exponent_bitsEv
FN:337,_ZNK7testing8internal13FloatingPointIfE13exponent_bitsEv
FN:340,_ZNK7testing8internal13FloatingPointIdE13fraction_bitsEv
FN:340,_ZNK7testing8internal13FloatingPointIfE13fraction_bitsEv
FN:346,_ZNK7testing8internal13FloatingPointIfE6is_nanEv
FN:346,_ZNK7testing8internal13FloatingPointIdE6is_nanEv
FN:358,_ZNK7testing8internal13FloatingPointIdE12AlmostEqualsERKS2_
FN:358,_ZNK7testing8internal13FloatingPointIfE12AlmostEqualsERKS2_
FN:389,_ZN7testing8internal13FloatingPointIdE24SignAndMagnitudeToBiasedERKy
FN:389,_ZN7testing8internal13FloatingPointIfE24SignAndMagnitudeToBiasedERKj
FN:401,_ZN7testing8internal13FloatingPointIdE38DistanceBetweenSignAndMagnitudeNumbersERKyS4_
FN:401,_ZN7testing8internal13FloatingPointIfE38DistanceBetweenSignAndMagnitudeNumbersERKjS4_
FN:447,_ZN7testing8internal9GetTypeIdINS_4TestEEEPKvv
FN:504,_ZN7testing8internal12CodeLocationC2ERKS1_
FN:504,_ZN7testing8internal12CodeLocationD2Ev
FN:594,_ZN7testing8internal9SkipCommaEPKc
FN:605,_ZN7testing8internal19GetPrefixUntilCommaB5cxx11EPKc
FN:736,_ZN7testing8internal11AlwaysFalseEv
FN:756,_ZN7testing8internal6RandomC2Ej
FN:758,_ZN7testing8internal6Random6ReseedEj
FN:940,_ZN7testing8internal15IsContainerTestIxEEcl
FNDA:0,_ZN7testing8internal26GoogleTestFailureExceptionD0Ev
FNDA:0,_ZN7testing8internal26GoogleTestFailureExceptionD2Ev
FNDA:0,_ZN7testing8internal13FloatingPointIdEC2ERKd
FNDA:0,_ZN7testing8internal13FloatingPointIfEC2ERKf
FNDA:0,_ZNK7testing8internal13FloatingPointIdE13exponent_bitsEv
FNDA:0,_ZNK7testing8internal13FloatingPointIfE13exponent_bitsEv
FNDA:0,_ZNK7testing8internal13FloatingPointIdE13fraction_bitsEv
FNDA:0,_ZNK7testing8internal13FloatingPointIfE13fraction_bitsEv
FNDA:0,_ZNK7testing8internal13FloatingPointIdE6is_nanEv
FNDA:0,_ZNK7testing8internal13FloatingPointIfE6is_nanEv
FNDA:0,_ZNK7testing8internal13FloatingPointIdE12AlmostEqualsERKS2_
FNDA:0,_ZNK7testing8internal13FloatingPointIfE12AlmostEqualsERKS2_
FNDA:0,_ZN7testing8internal13FloatingPointIdE24SignAndMagnitudeToBiasedERKy
FNDA:0,_ZN7testing8internal13FloatingPointIfE24SignAndMagnitudeToBiasedERKj
FNDA:0,_ZN7testing8internal13FloatingPointIdE38DistanceBetweenSignAndMagnitudeNumbersERKyS4_
FNDA:0,_ZN7testing8internal13FloatingPointIfE38DistanceBetweenSignAndMagnitudeNumbersERKjS4_
FNDA:4,_ZN7testing8internal9GetTypeIdINS_4TestEEEPKvv
FNDA:6,_ZN7testing8internal12CodeLocationC2ERKS1_
FNDA:0,_ZN7testing8internal12CodeLocationD2Ev
FNDA:0,_ZN7testing8internal9SkipCommaEPKc
FNDA:0,_ZN7testing8internal19GetPrefixUntilCommaB5cxx11EPKc
FNDA:0,_ZN7testing8internal11AlwaysFalseEv
FNDA:1,_ZN7testing8internal6RandomC2Ej
FNDA:0,_ZN7testing8internal6Random6ReseedEj
FNDA:0,_ZN7testing8internal15IsContainerTestIxEEcl
FNF:25
FNH:3
DA:148,0
DA:310,0
DA:337,0
DA:340,0
DA:346,0
DA:349,0
DA:358,0
DA:361,0
DA:363,0
DA:364,0
DA:389,0
DA:390,0
DA:392,0
DA:395,0
DA:401,0
DA:403,0
DA:404,0
DA:405,0
DA:447,4
DA:452,4
DA:504,6
DA:594,0
DA:595,0
DA:596,0
DA:597,0
DA:599,0
DA:600,0
DA:605,0
DA:606,0
DA:607,0
DA:736,0
DA:756,1
DA:758,0
DA:940,0
LF:34
LH:4
end_of_record
SF:/src/CppUnitTestDemo/OpenCppCoverageDemo/imports/googletest/googletest/include/gtest/internal/gtest-param-util.h
FN:670,_ZN7testing8internal29ParameterizedTestCaseRegistryC2Ev
FN:671,_ZN7testing8internal29ParameterizedTestCaseRegistryD2Ev
FN:711,_ZN7testing8internal29ParameterizedTestCaseRegistry13RegisterTestsEv
FNDA:1,_ZN7testing8internal29ParameterizedTestCaseRegistryC2Ev
FNDA:1,_ZN7testing8internal29ParameterizedTestCaseRegistryD2Ev
FNDA:1,_ZN7testing8internal29ParameterizedTestCaseRegistry13RegisterTestsEv
FNF:3
FNH:3
DA:670,1
DA:671,2
DA:672,1
DA:673,1
DA:674,0
DA:676,1
DA:711,1
DA:712,1
DA:713,1
DA:714,0
DA:716,1
LF:11
LH:9
end_of_record
SF:/src/CppUnitTestDemo/OpenCppCoverageDemo/imports/googletest/googletest/include/gtest/internal/gtest-port.h
FN:1119,_ZN7testing8internal10scoped_ptrINS0_16DeathTestFactoryEEC2EPS2_
FN:1119,_ZN7testing8internal10scoped_ptrINS0_17StreamingListener20AbstractSocketWriterEEC2EPS3_
FN:1119,_ZN7testing8internal10scoped_ptrINS0_11ThreadLocalIPNS_31TestPartResultReporterInterfaceEE18ValueHolderFactoryEEC2EPS6_
FN:1119,_ZN7testing8internal10scoped_ptrINSt7__cxx1112basic_stringIcSt11char_traitsIcESaIcEEEEC2EPS7_
FN:1119,_ZN7testing8internal10scoped_ptrIKNSt7__cxx1112basic_stringIcSt11char_traitsIcESaIcEEEEC2EPS8_
FN:1119,_ZN7testing8internal10scoped_ptrINS0_24InternalRunDeathTestFlagEEC2EPS2_
FN:1119,_ZN7testing8internal10scoped_ptrINS0_14GTestFlagSaverEEC2EPS2_
FN:1119,_ZN7testing8internal10scoped_ptrINSt7__cxx1118basic_stringstreamIcSt11char_traitsIcESaIcEEEEC2EPS7_
FN:1119,_ZN7testing8internal10scoped_ptrINS0_11ThreadLocalISt6vectorINS0_9TraceInfoESaIS4_EEE18ValueHolderFactoryEEC2EPS8_
FN:1120,_ZN7testing8internal10scoped_ptrINS0_11ThreadLocalISt6vectorINS0_9TraceInfoESaIS4_EEE18ValueHolderFactoryEED2Ev
FN:1120,_ZN7testing8internal10scoped_ptrIKNSt7__cxx1112basic_stringIcSt11char_traitsIcESaIcEEEED2Ev
FN:1120,_ZN7testing8internal10scoped_ptrINS0_17StreamingListener20AbstractSocketWriterEED2Ev
FN:1120,_ZN7testing8internal10scoped_ptrINS0_16DeathTestFactoryEED2Ev
FN:1120,_ZN7testing8internal10scoped_ptrINS0_24InternalRunDeathTestFlagEED2Ev
FN:1120,_ZN7testing8internal10scoped_ptrINSt7__cxx1112basic_stringIcSt11char_traitsIcESaIcEEEED2Ev
FN:1120,_ZN7testing8internal10scoped_ptrINSt7__cxx1118basic_stringstreamIcSt11char_traitsIcESaIcEEEED2Ev
FN:1120,_ZN7testing8internal10scoped_ptrINS0_11ThreadLocalIPNS_31TestPartResultReporterInterfaceEE18ValueHolderFactoryEED2Ev
FN:1120,_ZN7testing8internal10scoped_ptrINS0_14GTestFlagSaverEED2Ev
FN:1122,_ZNK7testing8internal10scoped_ptrINSt7__cxx1112basic_stringIcSt11char_traitsIcESaIcEEEEdeEv
FN:1122,_ZNK7testing8internal10scoped_ptrINSt7__cxx1118basic_stringstreamIcSt11char_traitsIcESaIcEEEEdeEv
FN:1123,_ZNK7testing8internal10scoped_ptrINS0_17StreamingListener20AbstractSocketWriterEEptEv
FN:1123,_ZNK7testing8internal10scoped_ptrINS0_11ThreadLocalISt6vectorINS0_9TraceInfoESaIS4_EEE18ValueHolderFactoryEEptEv
FN:1123,_ZNK7testing8internal10scoped_ptrINSt7__cxx1112basic_stringIcSt11char_traitsIcESaIcEEEEptEv
FN:1123,_ZNK7testing8internal10scoped_ptrINS0_11ThreadLocalIPNS_31TestPartResultReporterInterfaceEE18ValueHolderFactoryEEptEv
FN:1123,_ZNK7testing8internal10scoped_ptrIKNSt7__cxx1112basic_stringIcSt11char_traitsIcESaIcEEEEptEv
FN:1124,_ZNK7testing8internal10scoped_ptrINSt7__cxx1112basic_stringIcSt11char_traitsIcESaIcEEEE3getEv
FN:1124,_ZNK7testing8internal10scoped_ptrINSt7__cxx1118basic_stringstreamIcSt11char_traitsIcESaIcEEEE3getEv
FN:1124,_ZNK7testing8internal10scoped_ptrINS0_24InternalRunDeathTestFlagEE3getEv
FN:1124,_ZNK7testing8internal10scoped_ptrIKNSt7__cxx1112basic_stringIcSt11char_traitsIcESaIcEEEE3getEv
FN:1124,_ZNK7testing8internal10scoped_ptrINS0_16DeathTestFactoryEE3getEv
FN:1132,_ZN7testing8internal10scoped_ptrINSt7__cxx1118basic_stringstreamIcSt11char_traitsIcESaIcEEEE5resetEPS7_
FN:1132,_ZN7testing8internal10scoped_ptrINS0_11ThreadLocalIPNS_31TestPartResultReporterInterfaceEE18ValueHolderFactoryEE5resetEPS6_
FN:1132,_ZN7testing8internal10scoped_ptrINS0_11ThreadLocalISt6vectorINS0_9TraceInfoESaIS4_EEE18ValueHolderFactoryEE5resetEPS8_
FN:1132,_ZN7testing8internal10scoped_ptrINS0_24InternalRunDeathTestFlagEE5resetEPS2_
FN:1132,_ZN7testing8internal10scoped_ptrINS0_16DeathTestFactoryEE5resetEPS2_
FN:1132,_ZN7testing8internal10scoped_ptrINSt7__cxx1112basic_stringIcSt11char_traitsIcESaIcEEEE5resetEPS7_
FN:1132,_ZN7testing8internal10scoped_ptrIKNSt7__cxx1112basic_stringIcSt11char_traitsIcESaIcEEEE5resetEPS8_
FN:1132,_ZN7testing8internal10scoped_ptrINS0_17StreamingListener20AbstractSocketWriterEE5resetEPS3_
FN:1132,_ZN7testing8internal10scoped_ptrINS0_14GTestFlagSaverEE5resetEPS2_
FN:1141,_ZN7testing8internal4swapERNS0_10scoped_ptrINSt7__cxx1112basic_stringIcSt11char_traitsIcESaIcEEEEES9_
FN:1175,_ZNK7testing8internal2RE7patternEv
FN:1261,_ZN7testing8internal8GTestLog9GetStreamEv
FN:1275,_ZN7testing8internal11LogToStderrEv
FN:1276,_ZN7testing8internal12FlushInfoLogEv
FN:1343,_ZN7testing8internal13ImplicitCast_IPKvEET_S4_
FN:1392,_ZN7testing8internal27CheckedDowncastToActualTypeINS0_11ThreadLocalIPNS_31TestPartResultReporterInterfaceEE11ValueHolderENS0_26ThreadLocalValueHolderBaseEEEPT_PT0_
FN:1392,_ZN7testing8internal27CheckedDowncastToActualTypeINS0_11ThreadLocalISt6vectorINS0_9TraceInfoESaIS4_EEE11ValueHolderENS0_26ThreadLocalValueHolderBaseEEEPT_PT0_
FN:1927,_ZN7testing8internal9MutexBase4LockEv
FN:1934,_ZN7testing8internal9MutexBase6UnlockEv
FN:1979,_ZN7testing8internal5MutexC2Ev
FN:1983,_ZN7testing8internal5MutexD2Ev
FN:1998,_ZN7testing8internal14GTestMutexLockC2EPNS0_9MutexBaseE
FN:2001,_ZN7testing8internal14GTestMutexLockD2Ev
FN:2017,_ZN7testing8internal26ThreadLocalValueHolderBaseC2Ev
FN:2019,_ZN7testing8internal26ThreadLocalValueHolderBaseD0Ev
FN:2019,_ZN7testing8internal26ThreadLocalValueHolderBaseD2Ev
FN:2024,DeleteThreadLocalValue
FN:2032,_ZN7testing8internal11ThreadLocalISt6vectorINS0_9TraceInfoESaIS3_EEEC2Ev
FN:2034,_ZN7testing8internal11ThreadLocalIPNS_31TestPartResultReporterInterfaceEEC2ERKS3_
FN:2038,_ZN7testing8internal11ThreadLocalIPNS_31TestPartResultReporterInterfaceEED2Ev
FN:2038,_ZN7testing8internal11ThreadLocalISt6vectorINS0_9TraceInfoESaIS3_EEED2Ev
FN:2047,_ZN7testing8internal11ThreadLocalISt6vectorINS0_9TraceInfoESaIS3_EEE7pointerEv
FN:2047,_ZN7testing8internal11ThreadLocalIPNS_31TestPartResultReporterInterfaceEE7pointerEv
FN:2048,_ZNK7testing8internal11ThreadLocalIPNS_31TestPartResultReporterInterfaceEE7pointerEv
FN:2049,_ZNK7testing8internal11ThreadLocalIPNS_31TestPartResultReporterInterfaceEE3getEv
FN:2050,_ZN7testing8internal11ThreadLocalIPNS_31TestPartResultReporterInterfaceEE3setERKS3_
FN:2054,_ZN7testing8internal11ThreadLocalIPNS_31TestPartResultReporterInterfaceEE11ValueHolderD0Ev
FN:2054,_ZN7testing8internal11ThreadLocalIPNS_31TestPartResultReporterInterfaceEE11ValueHolderD2Ev
FN:2054,_ZN7testing8internal11ThreadLocalISt6vectorINS0_9TraceInfoESaIS3_EEE11ValueHolderD2Ev
FN:2054,_ZN7testing8internal11ThreadLocalISt6vectorINS0_9TraceInfoESaIS3_EEE11ValueHolderD0Ev
FN:2056,_ZN7testing8internal11ThreadLocalISt6vectorINS0_9TraceInfoESaIS3_EEE11ValueHolderC2Ev
FN:2057,_ZN7testing8internal11ThreadLocalIPNS_31TestPartResultReporterInterfaceEE11ValueHolderC2ERKS3_
FN:2059,_ZN7testing8internal11ThreadLocalISt6vectorINS0_9TraceInfoESaIS3_EEE11ValueHolder7pointerEv
FN:2059,_ZN7testing8internal11ThreadLocalIPNS_31TestPartResultReporterInterfaceEE11ValueHolder7pointerEv
FN:2066,_ZN7testing8internal11ThreadLocalIPNS_31TestPartResultReporterInterfaceEE9CreateKeyEv
FN:2066,_ZN7testing8internal11ThreadLocalISt6vectorINS0_9TraceInfoESaIS3_EEE9CreateKeyEv
FN:2075,_ZNK7testing8internal11ThreadLocalIPNS_31TestPartResultReporterInterfaceEE16GetOrCreateValueEv
FN:2075,_ZNK7testing8internal11ThreadLocalISt6vectorINS0_9TraceInfoESaIS3_EEE16GetOrCreateValueEv
FN:2090,_ZN7testing8internal11ThreadLocalISt6vectorINS0_9TraceInfoESaIS3_EEE18ValueHolderFactoryC2Ev
FN:2090,_ZN7testing8internal11ThreadLocalIPNS_31TestPartResultReporterInterfaceEE18ValueHolderFactoryC2Ev
FN:2091,_ZN7testing8internal11ThreadLocalISt6vectorINS0_9TraceInfoESaIS3_EEE18ValueHolderFactoryD2Ev
FN:2091,_ZN7testing8internal11ThreadLocalIPNS_31TestPartResultReporterInterfaceEE18ValueHolderFactoryD0Ev
FN:2091,_ZN7testing8internal11ThreadLocalIPNS_31TestPartResultReporterInterfaceEE18ValueHolderFactoryD2Ev
FN:2091,_ZN7testing8internal11ThreadLocalISt6vectorINS0_9TraceInfoESaIS3_EEE18ValueHolderFactoryD0Ev
FN:2098,_ZN7testing8internal11ThreadLocalISt6vectorINS0_9TraceInfoESaIS3_EEE25DefaultValueHolderFactoryD2Ev
FN:2098,_ZN7testing8internal11ThreadLocalISt6vectorINS0_9TraceInfoESaIS3_EEE25DefaultValueHolderFactoryD0Ev
FN:2100,_ZN7testing8internal11ThreadLocalISt6vectorINS0_9TraceInfoESaIS3_EEE25DefaultValueHolderFactoryC2Ev
FN:2101,_ZNK7testing8internal11ThreadLocalISt6vectorINS0_9TraceInfoESaIS3_EEE25DefaultValueHolderFactory13MakeNewHolderEv
FN:2107,_ZN7testing8internal11ThreadLocalIPNS_31TestPartResultReporterInterfaceEE26InstanceValueHolderFactoryD0Ev
FN:2107,_ZN7testing8internal11ThreadLocalIPNS_31TestPartResultReporterInterfaceEE26InstanceValueHolderFactoryD2Ev
FN:2109,_ZN7testing8internal11ThreadLocalIPNS_31TestPartResultReporterInterfaceEE26InstanceValueHolderFactoryC2ERKS3_
FN:2110,_ZNK7testing8internal11ThreadLocalIPNS_31TestPartResultReporterInterfaceEE26InstanceValueHolderFactory13MakeNewHolderEv
FN:2257,_ZN7testing8internal7IsDigitEc
FN:2263,_ZN7testing8internal7IsSpaceEc
FN:2269,_ZN7testing8internal8IsXDigitEc
FN:2272,_ZN7testing8internal8IsXDigitEw
FN:2280,_ZN7testing8internal7ToUpperEc
FN:2284,_ZN7testing8internal19StripTrailingSpacesENSt7__cxx1112basic_stringIcSt11char_traitsIcESaIcEEE
FN:2340,_ZN7testing8internal5posix6FileNoEP8_IO_FILE
FN:2341,_ZN7testing8internal5posix6IsATTYEi
FN:2342,_ZN7testing8internal5posix4StatEPKcP4stat
FN:2343,_ZN7testing8internal5posix10StrCaseCmpEPKcS3_
FN:2346,_ZN7testing8internal5posix6StrDupEPKc
FN:2348,_ZN7testing8internal5posix5IsDirERK4stat
FN:2367,_ZN7testing8internal5posix5FOpenEPKcS3_
FN:2374,_ZN7testing8internal5posix6FDOpenEiPKc
FN:2376,_ZN7testing8internal5posix6FCloseEP8_IO_FILE
FN:2378,_ZN7testing8internal5posix4ReadEiPvj
FN:2381,_ZN7testing8internal5posix5WriteEiPKvj
FN:2384,_ZN7testing8internal5posix5CloseEi
FN:2385,_ZN7testing8internal5posix8StrErrorEi
FN:2387,_ZN7testing8internal5posix6GetEnvEPKc
FN:2410,_ZN7testing8internal5posix5AbortEv
FNDA:1,_ZN7testing8internal10scoped_ptrINS0_11ThreadLocalISt6vectorINS0_9TraceInfoESaIS4_EEE18ValueHolderFactoryEEC2EPS8_
FNDA:1,_ZN7testing8internal10scoped_ptrINS0_11ThreadLocalIPNS_31TestPartResultReporterInterfaceEE18ValueHolderFactoryEEC2EPS6_
FNDA:1,_ZN7testing8internal10scoped_ptrINS0_16DeathTestFactoryEEC2EPS2_
FNDA:1,_ZN7testing8internal10scoped_ptrINS0_24InternalRunDeathTestFlagEEC2EPS2_
FNDA:9,_ZN7testing8internal10scoped_ptrIKNSt7__cxx1112basic_stringIcSt11char_traitsIcESaIcEEEEC2EPS8_
FNDA:3,_ZN7testing8internal10scoped_ptrINS0_14GTestFlagSaverEEC2EPS2_
FNDA:2,_ZN7testing8internal10scoped_ptrINSt7__cxx1112basic_stringIcSt11char_traitsIcESaIcEEEEC2EPS7_
FNDA:0,_ZN7testing8internal10scoped_ptrINS0_17StreamingListener20AbstractSocketWriterEEC2EPS3_
FNDA:51,_ZN7testing8internal10scoped_ptrINSt7__cxx1118basic_stringstreamIcSt11char_traitsIcESaIcEEEEC2EPS7_
FNDA:1,_ZN7testing8internal10scoped_ptrINS0_11ThreadLocalISt6vectorINS0_9TraceInfoESaIS4_EEE18ValueHolderFactoryEED2Ev
FNDA:1,_ZN7testing8internal10scoped_ptrINS0_11ThreadLocalIPNS_31TestPartResultReporterInterfaceEE18ValueHolderFactoryEED2Ev
FNDA:1,_ZN7testing8internal10scoped_ptrINS0_16DeathTestFactoryEED2Ev
FNDA:1,_ZN7testing8internal10scoped_ptrINS0_24InternalRunDeathTestFlagEED2Ev
FNDA:9,_ZN7testing8internal10scoped_ptrIKNSt7__cxx1112basic_stringIcSt11char_traitsIcESaIcEEEED2Ev
FNDA:3,_ZN7testing8internal10scoped_ptrINS0_14GTestFlagSaverEED2Ev
FNDA:0,_ZN7testing8internal10scoped_ptrINSt7__cxx1112basic_stringIcSt11char_traitsIcESaIcEEEED2Ev
FNDA:0,_ZN7testing8internal10scoped_ptrINS0_17StreamingListener20AbstractSocketWriterEED2Ev
FNDA:0,_ZN7testing8internal10scoped_ptrINSt7__cxx1118basic_stringstreamIcSt11char_traitsIcESaIcEEEED2Ev
FNDA:0,_ZNK7testing8internal10scoped_ptrINSt7__cxx1112basic_stringIcSt11char_traitsIcESaIcEEEEdeEv
FNDA:396,_ZNK7testing8internal10scoped_ptrINSt7__cxx1118basic_stringstreamIcSt11char_traitsIcESaIcEEEEdeEv
FNDA:0,_ZNK7testing8internal10scoped_ptrINS0_11ThreadLocalIPNS_31TestPartResultReporterInterfaceEE18ValueHolderFactoryEEptEv
FNDA:0,_ZNK7testing8internal10scoped_ptrINS0_11ThreadLocalISt6vectorINS0_9TraceInfoESaIS4_EEE18ValueHolderFactoryEEptEv
FNDA:0,_ZNK7testing8internal10scoped_ptrINS0_17StreamingListener20AbstractSocketWriterEEptEv
FNDA:0,_ZNK7testing8internal10scoped_ptrIKNSt7__cxx1112basic_stringIcSt11char_traitsIcESaIcEEEEptEv
FNDA:0,_ZNK7testing8internal10scoped_ptrINSt7__cxx1112basic_stringIcSt11char_traitsIcESaIcEEEEptEv
FNDA:51,_ZNK7testing8internal10scoped_ptrINSt7__cxx1118basic_stringstreamIcSt11char_traitsIcESaIcEEEE3getEv
FNDA:0,_ZNK7testing8internal10scoped_ptrINS0_16DeathTestFactoryEE3getEv
FNDA:2,_ZNK7testing8internal10scoped_ptrINS0_24InternalRunDeathTestFlagEE3getEv
FNDA:6,_ZNK7testing8internal10scoped_ptrIKNSt7__cxx1112basic_stringIcSt11char_traitsIcESaIcEEEE3getEv
FNDA:0,_ZNK7testing8internal10scoped_ptrINSt7__cxx1112basic_stringIcSt11char_traitsIcESaIcEEEE3getEv
FNDA:1,_ZN7testing8internal10scoped_ptrINS0_11ThreadLocalISt6vectorINS0_9TraceInfoESaIS4_EEE18ValueHolderFactoryEE5resetEPS8_
FNDA:1,_ZN7testing8internal10scoped_ptrINS0_11ThreadLocalIPNS_31TestPartResultReporterInterfaceEE18ValueHolderFactoryEE5resetEPS6_
FNDA:1,_ZN7testing8internal10scoped_ptrINS0_16DeathTestFactoryEE5resetEPS2_
FNDA:9,_ZN7testing8internal10scoped_ptrIKNSt7__cxx1112basic_stringIcSt11char_traitsIcESaIcEEEE5resetEPS8_
FNDA:3,_ZN7testing8internal10scoped_ptrINS0_14GTestFlagSaverEE5resetEPS2_
FNDA:0,_ZN7testing8internal10scoped_ptrINS0_17StreamingListener20AbstractSocketWriterEE5resetEPS3_
FNDA:0,_ZN7testing8internal10scoped_ptrINSt7__cxx1118basic_stringstreamIcSt11char_traitsIcESaIcEEEE5resetEPS7_
FNDA:2,_ZN7testing8internal10scoped_ptrINS0_24InternalRunDeathTestFlagEE5resetEPS2_
FNDA:0,_ZN7testing8internal10scoped_ptrINSt7__cxx1112basic_stringIcSt11char_traitsIcESaIcEEEE5resetEPS7_
FNDA:0,_ZN7testing8internal4swapERNS0_10scoped_ptrINSt7__cxx1112basic_stringIcSt11char_traitsIcESaIcEEEEES9_
FNDA:0,_ZNK7testing8internal2RE7patternEv
FNDA:0,_ZN7testing8internal8GTestLog9GetStreamEv
FNDA:0,_ZN7testing8internal11LogToStderrEv
FNDA:0,_ZN7testing8internal12FlushInfoLogEv
FNDA:0,_ZN7testing8internal13ImplicitCast_IPKvEET_S4_
FNDA:0,_ZN7testing8internal27CheckedDowncastToActualTypeINS0_11ThreadLocalIPNS_31TestPartResultReporterInterfaceEE11ValueHolderENS0_26ThreadLocalValueHolderBaseEEEPT_PT0_
FNDA:0,_ZN7testing8internal27CheckedDowncastToActualTypeINS0_11ThreadLocalISt6vectorINS0_9TraceInfoESaIS4_EEE11ValueHolderENS0_26ThreadLocalValueHolderBaseEEEPT_PT0_
FNDA:0,_ZN7testing8internal9MutexBase4LockEv
FNDA:0,_ZN7testing8internal9MutexBase6UnlockEv
FNDA:9,_ZN7testing8internal5MutexC2Ev
FNDA:9,_ZN7testing8internal5MutexD2Ev
FNDA:0,_ZN7testing8internal14GTestMutexLockC2EPNS0_9MutexBaseE
FNDA:0,_ZN7testing8internal14GTestMutexLockD2Ev
FNDA:0,_ZN7testing8internal26ThreadLocalValueHolderBaseC2Ev
FNDA:0,_ZN7testing8internal26ThreadLocalValueHolderBaseD0Ev
FNDA:0,_ZN7testing8internal26ThreadLocalValueHolderBaseD2Ev
FNDA:2,DeleteThreadLocalValue
FNDA:1,_ZN7testing8internal11ThreadLocalISt6vectorINS0_9TraceInfoESaIS3_EEEC2Ev
FNDA:1,_ZN7testing8internal11ThreadLocalIPNS_31TestPartResultReporterInterfaceEEC2ERKS3_
FNDA:1,_ZN7testing8internal11ThreadLocalISt6vectorINS0_9TraceInfoESaIS3_EEED2Ev
FNDA:1,_ZN7testing8internal11ThreadLocalIPNS_31TestPartResultReporterInterfaceEED2Ev
FNDA:0,_ZN7testing8internal11ThreadLocalIPNS_31TestPartResultReporterInterfaceEE7pointerEv
FNDA:0,_ZN7testing8internal11ThreadLocalISt6vectorINS0_9TraceInfoESaIS3_EEE7pointerEv
FNDA:0,_ZNK7testing8internal11ThreadLocalIPNS_31TestPartResultReporterInterfaceEE7pointerEv
FNDA:0,_ZNK7testing8internal11ThreadLocalIPNS_31TestPartResultReporterInterfaceEE3getEv
FNDA:0,_ZN7testing8internal11ThreadLocalIPNS_31TestPartResultReporterInterfaceEE3setERKS3_
FNDA:0,_ZN7testing8internal11ThreadLocalISt6vectorINS0_9TraceInfoESaIS3_EEE11ValueHolderD0Ev
FNDA:0,_ZN7testing8internal11ThreadLocalISt6vectorINS0_9TraceInfoESaIS3_EEE11ValueHolderD2Ev
FNDA:0,_ZN7testing8internal11ThreadLocalIPNS_31TestPartResultReporterInterfaceEE11ValueHolderD0Ev
FNDA:0,_ZN7testing8internal11ThreadLocalIPNS_31TestPartResultReporterInterfaceEE11ValueHolderD2Ev
FNDA:0,_ZN7testing8internal11ThreadLocalISt6vectorINS0_9TraceInfoESaIS3_EEE11ValueHolderC2Ev
FNDA:0,_ZN7testing8internal11ThreadLocalIPNS_31TestPartResultReporterInterfaceEE11ValueHolderC2ERKS3_
FNDA:0,_ZN7testing8internal11ThreadLocalIPNS_31TestPartResultReporterInterfaceEE11ValueHolder7pointerEv
FNDA:0,_ZN7testing8internal11ThreadLocalISt6vectorINS0_9TraceInfoESaIS3_EEE11ValueHolder7pointerEv
FNDA:1,_ZN7testing8internal11ThreadLocalISt6vectorINS0_9TraceInfoESaIS3_EEE9CreateKeyEv
FNDA:1,_ZN7testing8internal11ThreadLocalIPNS_31TestPartResultReporterInterfaceEE9CreateKeyEv
FNDA:0,_ZNK7testing8internal11ThreadLocalIPNS_31TestPartResultReporterInterfaceEE16GetOrCreateValueEv
FNDA:0,_ZNK7testing8internal11ThreadLocalISt6vectorINS0_9TraceInfoESaIS3_EEE16GetOrCreateValueEv
FNDA:1,_ZN7testing8internal11ThreadLocalISt6vectorINS0_9TraceInfoESaIS3_EEE18ValueHolderFactoryC2Ev
FNDA:1,_ZN7testing8internal11ThreadLocalIPNS_31TestPartResultReporterInterfaceEE18ValueHolderFactoryC2Ev
FNDA:0,_ZN7testing8internal11ThreadLocalISt6vectorINS0_9TraceInfoESaIS3_EEE18ValueHolderFactoryD0Ev
FNDA:1,_ZN7testing8internal11ThreadLocalISt6vectorINS0_9TraceInfoESaIS3_EEE18ValueHolderFactoryD2Ev
FNDA:0,_ZN7testing8internal11ThreadLocalIPNS_31TestPartResultReporterInterfaceEE18ValueHolderFactoryD0Ev
FNDA:1,_ZN7testing8internal11ThreadLocalIPNS_31TestPartResultReporterInterfaceEE18ValueHolderFactoryD2Ev
FNDA:1,_ZN7testing8internal11ThreadLocalISt6vectorINS0_9TraceInfoESaIS3_EEE25DefaultValueHolderFactoryD0Ev
FNDA:1,_ZN7testing8internal11ThreadLocalISt6vectorINS0_9TraceInfoESaIS3_EEE25DefaultValueHolderFactoryD2Ev
FNDA:1,_ZN7testing8internal11ThreadLocalISt6vectorINS0_9TraceInfoESaIS3_EEE25DefaultValueHolderFactoryC2Ev
FNDA:0,_ZNK7testing8internal11ThreadLocalISt6vectorINS0_9TraceInfoESaIS3_EEE25DefaultValueHolderFactory13MakeNewHolderEv
FNDA:1,_ZN7testing8internal11ThreadLocalIPNS_31TestPartResultReporterInterfaceEE26InstanceValueHolderFactoryD0Ev
FNDA:1,_ZN7testing8internal11ThreadLocalIPNS_31TestPartResultReporterInterfaceEE26InstanceValueHolderFactoryD2Ev
FNDA:1,_ZN7testing8internal11ThreadLocalIPNS_31TestPartResultReporterInterfaceEE26InstanceValueHolderFactoryC2ERKS3_
FNDA:0,_ZNK7testing8internal11ThreadLocalIPNS_31TestPartResultReporterInterfaceEE26InstanceValueHolderFactory13MakeNewHolderEv
FNDA:0,_ZN7testing8internal7IsDigitEc
FNDA:0,_ZN7testing8internal7IsSpaceEc
FNDA:0,_ZN7testing8internal8IsXDigitEc
FNDA:0,_ZN7testing8internal8IsXDigitEw
FNDA:294,_ZN7testing8internal7ToUpperEc
FNDA:0,_ZN7testing8internal19StripTrailingSpacesENSt7__cxx1112basic_stringIcSt11char_traitsIcESaIcEEE
FNDA:1,_ZN7testing8internal5posix6FileNoEP8_IO_FILE
FNDA:1,_ZN7testing8internal5posix6IsATTYEi
FNDA:0,_ZN7testing8internal5posix4StatEPKcP4stat
FNDA:1,_ZN7testing8internal5posix10StrCaseCmpEPKcS3_
FNDA:0,_ZN7testing8internal5posix6StrDupEPKc
FNDA:0,_ZN7testing8internal5posix5IsDirERK4stat
FNDA:0,_ZN7testing8internal5posix5FOpenEPKcS3_
FNDA:0,_ZN7testing8internal5posix6FDOpenEiPKc
FNDA:0,_ZN7testing8internal5posix6FCloseEP8_IO_FILE
FNDA:0,_ZN7testing8internal5posix4ReadEiPvj
FNDA:0,_ZN7testing8internal5posix5WriteEiPKvj
FNDA:0,_ZN7testing8internal5posix5CloseEi
FNDA:0,_ZN7testing8internal5posix8StrErrorEi
FNDA:24,_ZN7testing8internal5posix6GetEnvEPKc
FNDA:0,_ZN7testing8internal5posix5AbortEv
FNF:113
FNH:48
DA:1119,69
DA:1120,16
DA:1122,396
DA:1123,0
DA:1124,59
DA:1132,17
DA:1133,17
DA:1134,6
DA:1135,6
DA:1137,6
DA:1139,17
DA:1141,0
DA:1143,0
DA:1144,0
DA:1175,0
DA:1261,0
DA:1275,0
DA:1276,0
DA:1343,0
DA:1392,0
DA:1394,0
DA:1400,0
DA:1927,0
DA:1928,0
DA:1929,0
DA:1930,0
DA:1931,0
DA:1934,0
DA:1939,0
DA:1940,0
DA:1941,0
DA:1979,9
DA:1980,9
DA:1981,9
DA:1982,9
DA:1983,18
DA:1984,9
DA:1985,9
DA:1998,0
DA:1999,0
DA:2001,0
DA:2017,0
DA:2019,0
DA:2024,2
DA:2025,2
DA:2026,2
DA:2032,1
DA:2033,1
DA:2034,1
DA:2035,1
DA:2036,1
DA:2038,2
DA:2040,2
DA:2044,2
DA:2045,2
DA:2047,0
DA:2048,0
DA:2049,0
DA:2050,0
DA:2054,0
DA:2056,0
DA:2057,0
DA:2059,0
DA:2066,2
DA:2070,2
DA:2072,2
DA:2075,0
DA:2076,0
DA:2077,0
DA:2078,0
DA:2079,0
DA:2082,0
DA:2083,0
DA:2084,0
DA:2085,0
DA:2090,2
DA:2091,2
DA:2098,2
DA:2100,1
DA:2101,0
DA:2107,2
DA:2109,1
DA:2110,0
DA:2111,0
DA:2257,0
DA:2258,0
DA:2263,0
DA:2264,0
DA:2269,0
DA:2270,0
DA:2272,0
DA:2273,0
DA:2274,0
DA:2280,294
DA:2281,294
DA:2284,0
DA:2285,0
DA:2286,0
DA:2287,0
DA:2288,0
DA:2340,1
DA:2341,1
DA:2342,0
DA:2343,1
DA:2344,1
DA:2346,0
DA:2348,0
DA:2367,0
DA:2368,0
DA:2374,0
DA:2376,0
DA:2378,0
DA:2379,0
DA:2381,0
DA:2382,0
DA:2384,0
DA:2385,0
DA:2387,24
DA:2398,24
DA:2410,0
LF:120
LH:46
end_of_record
SF:/src/CppUnitTestDemo/OpenCppCoverageDemo/imports/googletest/googletest/src/gtest-death-test.cc
FN:133,_ZN7testing8internal16InDeathTestChildEv
FN:152,_ZN7testing14ExitedWithCodeC2Ei
FN:156,_ZNK7testing14ExitedWithCodeclEi
FN:170,_ZN7testing14KilledBySignalC2Ei
FN:174,_ZNK7testing14KilledBySignalclEi
FN:193,_ZN7testing8internalL11ExitSummaryEi
FN:219,_ZN7testing8internal20ExitedUnsuccessfullyEi
FN:228,_ZN7testing8internalL22DeathTestThreadWarningEm
FN:262,_ZN7testing8internal14DeathTestAbortERKNSt7__cxx1112basic_stringIcSt11char_traitsIcESaIcEEE
FN:315,_ZN7testing8internal23GetLastErrnoDescriptionB5cxx11Ev
FN:323,_ZN7testing8internalL21FailFromInternalErrorEi
FN:346,_ZN7testing8internal9DeathTestC2Ev
FN:356,_ZN7testing8internal9DeathTest6CreateEPKcPKNS0_2REES3_iPPS1_
FN:362,_ZN7testing8internal9DeathTest11LastMessageEv
FN:366,_ZN7testing8internal9DeathTest27set_last_death_test_messageERKNSt7__cxx1112basic_stringIcSt11char_traitsIcESaIcEEE
FN:375,_ZN7testing8internal13DeathTestImplC2EPKcPKNS0_2REE
FN:385,_ZN7testing8internal13DeathTestImplD0Ev
FN:385,_ZN7testing8internal13DeathTestImplD2Ev
FN:390,_ZNK7testing8internal13DeathTestImpl9statementEv
FN:391,_ZNK7testing8internal13DeathTestImpl5regexEv
FN:392,_ZNK7testing8internal13DeathTestImpl7spawnedEv
FN:393,_ZN7testing8internal13DeathTestImpl11set_spawnedEb
FN:394,_ZNK7testing8internal13DeathTestImpl6statusEv
FN:395,_ZN7testing8internal13DeathTestImpl10set_statusEi
FN:396,_ZNK7testing8internal13DeathTestImpl7outcomeEv
FN:397,_ZN7testing8internal13DeathTestImpl11set_outcomeENS0_16DeathTestOutcomeE
FN:398,_ZNK7testing8internal13DeathTestImpl7read_fdEv
FN:399,_ZN7testing8internal13DeathTestImpl11set_read_fdEi
FN:400,_ZNK7testing8internal13DeathTestImpl8write_fdEv
FN:401,_ZN7testing8internal13DeathTestImpl12set_write_fdEi
FN:436,_ZN7testing8internal13DeathTestImpl26ReadAndInterpretStatusByteEv
FN:481,_ZN7testing8internal13DeathTestImpl5AbortENS0_9DeathTest11AbortReasonE
FN:504,_ZN7testing8internalL21FormatDeathTestOutputERKNSt7__cxx1112basic_stringIcSt11char_traitsIcESaIcEEE
FN:541,_ZN7testing8internal13DeathTestImpl6PassedEb
FN:787,_ZN7testing8internal16ForkingDeathTestD2Ev
FN:787,_ZN7testing8internal16ForkingDeathTestD0Ev
FN:795,_ZN7testing8internal16ForkingDeathTest13set_child_pidEi
FN:803,_ZN7testing8internal16ForkingDeathTestC2EPKcPKNS0_2REE
FN:810,_ZN7testing8internal16ForkingDeathTest4WaitEv
FN:824,_ZN7testing8internal15NoExecDeathTestD2Ev
FN:824,_ZN7testing8internal15NoExecDeathTestD0Ev
FN:826,_ZN7testing8internal15NoExecDeathTestC2EPKcPKNS0_2REE
FN:833,_ZN7testing8internal15NoExecDeathTest10AssumeRoleEv
FN:879,_ZN7testing8internal13ExecDeathTestD0Ev
FN:879,_ZN7testing8internal13ExecDeathTestD2Ev
FN:881,_ZN7testing8internal13ExecDeathTestC2EPKcPKNS0_2REES3_i
FN:887,_ZN7testing8internal13ExecDeathTest32GetArgvsForDeathTestChildProcessB5cxx11Ev
FN:905,_ZN7testing8internal9ArgumentsC2Ev
FN:909,_ZN7testing8internal9ArgumentsD2Ev
FN:915,_ZN7testing8internal9Arguments11AddArgumentEPKc
FN:920,_ZN7testing8internal9Arguments12AddArgumentsINSt7__cxx1112basic_stringIcSt11char_traitsIcESaIcEEEEEvRKSt6vectorIT_SaISA_EE
FN:927,_ZN7testing8internal9Arguments4ArgvEv
FN:953,_ZN7testing8internal10GetEnvironEv
FN:960,_ZN7testing8internalL22ExecDeathTestChildMainEPv
FN:999,_ZN7testing8internal21StackLowerThanAddressEPKvPb
FN:1006,_ZN7testing8internal14StackGrowsDownEv
FN:1020,_ZN7testing8internalL23ExecDeathTestSpawnChildEPKPci
FN:1118,_ZN7testing8internal13ExecDeathTest10AssumeRoleEv
FN:1171,_ZN7testing8internal23DefaultDeathTestFactory6CreateEPKcPKNS0_2REES3_iPPNS0_9DeathTestE
FN:1294,_ZN7testing8internal29ParseInternalRunDeathTestFlagEv
FNDA:0,_ZN7testing8internal16InDeathTestChildEv
FNDA:0,_ZN7testing14ExitedWithCodeC2Ei
FNDA:0,_ZNK7testing14ExitedWithCodeclEi
FNDA:0,_ZN7testing14KilledBySignalC2Ei
FNDA:0,_ZNK7testing14KilledBySignalclEi
FNDA:0,_ZN7testing8internalL11ExitSummaryEi
FNDA:0,_ZN7testing8internal20ExitedUnsuccessfullyEi
FNDA:0,_ZN7testing8internalL22DeathTestThreadWarningEm
FNDA:0,_ZN7testing8internal14DeathTestAbortERKNSt7__cxx1112basic_stringIcSt11char_traitsIcESaIcEEE
FNDA:0,_ZN7testing8internal23GetLastErrnoDescriptionB5cxx11Ev
FNDA:0,_ZN7testing8internalL21FailFromInternalErrorEi
FNDA:0,_ZN7testing8internal9DeathTestC2Ev
FNDA:0,_ZN7testing8internal9DeathTest6CreateEPKcPKNS0_2REES3_iPPS1_
FNDA:0,_ZN7testing8internal9DeathTest11LastMessageEv
FNDA:0,_ZN7testing8internal9DeathTest27set_last_death_test_messageERKNSt7__cxx1112basic_stringIcSt11char_traitsIcESaIcEEE
FNDA:0,_ZN7testing8internal13DeathTestImplC2EPKcPKNS0_2REE
FNDA:0,_ZN7testing8internal13DeathTestImplD0Ev
FNDA:0,_ZN7testing8internal13DeathTestImplD2Ev
FNDA:0,_ZNK7testing8internal13DeathTestImpl9statementEv
FNDA:0,_ZNK7testing8internal13DeathTestImpl5regexEv
FNDA:0,_ZNK7testing8internal13DeathTestImpl7spawnedEv
FNDA:0,_ZN7testing8internal13DeathTestImpl11set_spawnedEb
FNDA:0,_ZNK7testing8internal13DeathTestImpl6statusEv
FNDA:0,_ZN7testing8internal13DeathTestImpl10set_statusEi
FNDA:0,_ZNK7testing8internal13DeathTestImpl7outcomeEv
FNDA:0,_ZN7testing8internal13DeathTestImpl11set_outcomeENS0_16DeathTestOutcomeE
FNDA:0,_ZNK7testing8internal13DeathTestImpl7read_fdEv
FNDA:0,_ZN7testing8internal13DeathTestImpl11set_read_fdEi
FNDA:0,_ZNK7testing8internal13DeathTestImpl8write_fdEv
FNDA:0,_ZN7testing8internal13DeathTestImpl12set_write_fdEi
FNDA:0,_ZN7testing8internal13DeathTestImpl26ReadAndInterpretStatusByteEv
FNDA:0,_ZN7testing8internal13DeathTestImpl5AbortENS0_9DeathTest11AbortReasonE
FNDA:0,_ZN7testing8internalL21FormatDeathTestOutputERKNSt7__cxx1112basic_stringIcSt11char_traitsIcESaIcEEE
FNDA:0,_ZN7testing8internal13DeathTestImpl6PassedEb
FNDA:0,_ZN7testing8internal16ForkingDeathTestD0Ev
FNDA:0,_ZN7testing8internal16ForkingDeathTestD2Ev
FNDA:0,_ZN7testing8internal16ForkingDeathTest13set_child_pidEi
FNDA:0,_ZN7testing8internal16ForkingDeathTestC2EPKcPKNS0_2REE
FNDA:0,_ZN7testing8internal16ForkingDeathTest4WaitEv
FNDA:0,_ZN7testing8internal15NoExecDeathTestD0Ev
FNDA:0,_ZN7testing8internal15NoExecDeathTestD2Ev
FNDA:0,_ZN7testing8internal15NoExecDeathTestC2EPKcPKNS0_2REE
FNDA:0,_ZN7testing8internal15NoExecDeathTest10AssumeRoleEv
FNDA:0,_ZN7testing8internal13ExecDeathTestD0Ev
FNDA:0,_ZN7testing8internal13ExecDeathTestD2Ev
FNDA:0,_ZN7testing8internal13ExecDeathTestC2EPKcPKNS0_2REES3_i
FNDA:0,_ZN7testing8internal13ExecDeathTest32GetArgvsForDeathTestChildProcessB5cxx11Ev
FNDA:0,_ZN7testing8internal9ArgumentsC2Ev
FNDA:0,_ZN7testing8internal9ArgumentsD2Ev
FNDA:0,_ZN7testing8internal9Arguments11AddArgumentEPKc
FNDA:0,_ZN7testing8internal9Arguments12AddArgumentsINSt7__cxx1112basic_stringIcSt11char_traitsIcESaIcEEEEEvRKSt6vectorIT_SaISA_EE
FNDA:0,_ZN7testing8internal9Arguments4ArgvEv
FNDA:0,_ZN7testing8internal10GetEnvironEv
FNDA:0,_ZN7testing8internalL22ExecDeathTestChildMainEPv
FNDA:0,_ZN7testing8internal21StackLowerThanAddressEPKvPb
FNDA:0,_ZN7testing8internal14StackGrowsDownEv
FNDA:0,_ZN7testing8internalL23ExecDeathTestSpawnChildEPKPci
FNDA:0,_ZN7testing8internal13ExecDeathTest10AssumeRoleEv
FNDA:0,_ZN7testing8internal23DefaultDeathTestFactory6CreateEPKcPKNS0_2REES3_iPPNS0_9DeathTestE
FNDA:1,_ZN7testing8internal29ParseInternalRunDeathTestFlagEv
FNF:60
FNH:1
DA:86,1
DA:95,1
DA:108,1
DA:133,0
DA:142,0
DA:143,0
DA:145,0
DA:152,0
DA:153,0
DA:156,0
DA:163,0
DA:170,0
DA:171,0
DA:174,0
DA:183,0
DA:193,0
DA:194,0
DA:202,0
DA:203,0
DA:204,0
DA:205,0
DA:208,0
DA:209,0
DA:214,0
DA:219,0
DA:220,0
DA:228,0
DA:229,0
DA:230,0
DA:231,0
DA:232,0
DA:233,0
DA:235,0
DA:236,0
DA:262,0
DA:267,0
DA:268,0
DA:269,0
DA:270,0
DA:271,0
DA:272,0
DA:273,0
DA:275,0
DA:276,0
DA:277,0
DA:279,0
DA:315,0
DA:316,0
DA:323,0
DA:324,0
DA:328,0
DA:329,0
DA:330,0
DA:331,0
DA:333,0
DA:335,0
DA:336,0
DA:338,0
DA:339,0
DA:340,0
DA:342,0
DA:346,0
DA:347,0
DA:348,0
DA:349,0
DA:352,0
DA:356,0
DA:358,0
DA:359,0
DA:362,0
DA:363,0
DA:366,0
DA:367,0
DA:368,0
DA:370,1
DA:375,0
DA:376,0
DA:382,0
DA:385,0
DA:390,0
DA:391,0
DA:392,0
DA:393,0
DA:394,0
DA:395,0
DA:396,0
DA:397,0
DA:398,0
DA:399,0
DA:400,0
DA:401,0
DA:436,0
DA:444,0
DA:445,0
DA:446,0
DA:448,0
DA:449,0
DA:450,0
DA:451,0
DA:452,0
DA:453,0
DA:454,0
DA:455,0
DA:456,0
DA:457,0
DA:458,0
DA:459,0
DA:460,0
DA:461,0
DA:462,0
DA:463,0
DA:464,0
DA:465,0
DA:466,0
DA:467,0
DA:470,0
DA:471,0
DA:473,0
DA:474,0
DA:475,0
DA:481,0
DA:485,0
DA:486,0
DA:489,0
DA:498,0
DA:504,0
DA:505,0
DA:506,0
DA:507,0
DA:508,0
DA:509,0
DA:510,0
DA:511,0
DA:513,0
DA:514,0
DA:515,0
DA:516,0
DA:541,0
DA:542,0
DA:543,0
DA:545,0
DA:547,0
DA:548,0
DA:550,0
DA:551,0
DA:552,0
DA:553,0
DA:554,0
DA:555,0
DA:556,0
DA:557,0
DA:558,0
DA:559,0
DA:560,0
DA:561,0
DA:562,0
DA:563,0
DA:564,0
DA:565,0
DA:566,0
DA:567,0
DA:568,0
DA:570,0
DA:571,0
DA:572,0
DA:575,0
DA:576,0
DA:577,0
DA:579,0
DA:580,0
DA:582,0
DA:583,0
DA:586,0
DA:587,0
DA:787,0
DA:795,0
DA:803,0
DA:805,0
DA:810,0
DA:811,0
DA:812,0
DA:814,0
DA:817,0
DA:818,0
DA:819,0
DA:824,0
DA:826,0
DA:827,0
DA:833,0
DA:834,0
DA:835,0
DA:836,0
DA:840,0
DA:842,0
DA:843,0
DA:851,0
DA:853,0
DA:854,0
DA:855,0
DA:856,0
DA:857,0
DA:858,0
DA:862,0
DA:865,0
DA:866,0
DA:867,0
DA:869,0
DA:870,0
DA:871,0
DA:872,0
DA:879,0
DA:881,0
DA:882,0
DA:883,0
DA:887,0
DA:888,0
DA:894,0
DA:905,0
DA:906,0
DA:907,0
DA:909,0
DA:910,0
DA:912,0
DA:914,0
DA:915,0
DA:916,0
DA:917,0
DA:920,0
DA:921,0
DA:922,0
DA:924,0
DA:926,0
DA:927,0
DA:928,0
DA:953,0
DA:960,0
DA:961,0
DA:962,0
DA:968,0
DA:970,0
DA:971,0
DA:972,0
DA:973,0
DA:981,0
DA:982,0
DA:983,0
DA:984,0
DA:985,0
DA:999,0
DA:1001,0
DA:1002,0
DA:1006,0
DA:1009,0
DA:1010,0
DA:1020,0
DA:1021,0
DA:1022,0
DA:1061,0
DA:1062,0
DA:1063,0
DA:1064,0
DA:1069,0
DA:1071,0
DA:1072,0
DA:1073,0
DA:1076,0
DA:1077,0
DA:1085,0
DA:1086,0
DA:1087,0
DA:1089,0
DA:1092,0
DA:1094,0
DA:1100,0
DA:1101,0
DA:1102,0
DA:1106,0
DA:1110,0
DA:1111,0
DA:1118,0
DA:1119,0
DA:1121,0
DA:1122,0
DA:1123,0
DA:1125,0
DA:1126,0
DA:1127,0
DA:1131,0
DA:1134,0
DA:1137,0
DA:1138,0
DA:1140,0
DA:1141,0
DA:1142,0
DA:1143,0
DA:1144,0
DA:1145,0
DA:1146,0
DA:1147,0
DA:1149,0
DA:1151,0
DA:1154,0
DA:1156,0
DA:1157,0
DA:1158,0
DA:1159,0
DA:1160,0
DA:1161,0
DA:1171,0
DA:1174,0
DA:1176,0
DA:1178,0
DA:1180,0
DA:1181,0
DA:1182,0
DA:1183,0
DA:1184,0
DA:1185,0
DA:1186,0
DA:1189,0
DA:1190,0
DA:1191,0
DA:1192,0
DA:1205,0
DA:1206,0
DA:1207,0
DA:1208,0
DA:1214,0
DA:1215,0
DA:1216,0
DA:1217,0
DA:1220,0
DA:1294,1
DA:1295,1
DA:1299,0
DA:1300,0
DA:1301,0
DA:1302,0
DA:1303,0
DA:1325,0
DA:1326,0
DA:1327,0
DA:1328,0
DA:1329,0
DA:1330,0
DA:1335,0
LF:346
LH:6
end_of_record
SF:/src/CppUnitTestDemo/OpenCppCoverageDemo/imports/googletest/googletest/src/gtest-filepath.cc
FN:90,_ZN7testing8internalL15IsPathSeparatorEc
FN:99,_ZN7testing8internal8FilePath13GetCurrentDirEv
FN:124,_ZNK7testing8internal8FilePath15RemoveExtensionEPKc
FN:136,_ZNK7testing8internal8FilePath21FindLastPathSeparatorEv
FN:155,_ZNK7testing8internal8FilePath19RemoveDirectoryNameEv
FN:166,_ZNK7testing8internal8FilePath14RemoveFileNameEv
FN:183,_ZN7testing8internal8FilePath12MakeFileNameERKS1_S3_iPKc
FN:199,_ZN7testing8internal8FilePath11ConcatPathsERKS1_S3_
FN:209,_ZNK7testing8internal8FilePath21FileOrDirectoryExistsEv
FN:223,_ZNK7testing8internal8FilePath15DirectoryExistsEv
FN:253,_ZNK7testing8internal8FilePath15IsRootDirectoryEv
FN:265,_ZNK7testing8internal8FilePath14IsAbsolutePathEv
FN:286,_ZN7testing8internal8FilePath22GenerateUniqueFileNameERKS1_S3_PKc
FN:300,_ZNK7testing8internal8FilePath11IsDirectoryEv
FN:308,_ZNK7testing8internal8FilePath28CreateDirectoriesRecursivelyEv
FN:325,_ZNK7testing8internal8FilePath12CreateFolderEv
FN:346,_ZNK7testing8internal8FilePath27RemoveTrailingPathSeparatorEv
FN:356,_ZN7testing8internal8FilePath9NormalizeEv
FNDA:54,_ZN7testing8internalL15IsPathSeparatorEc
FNDA:1,_ZN7testing8internal8FilePath13GetCurrentDirEv
FNDA:0,_ZNK7testing8internal8FilePath15RemoveExtensionEPKc
FNDA:0,_ZNK7testing8internal8FilePath21FindLastPathSeparatorEv
FNDA:0,_ZNK7testing8internal8FilePath19RemoveDirectoryNameEv
FNDA:0,_ZNK7testing8internal8FilePath14RemoveFileNameEv
FNDA:0,_ZN7testing8internal8FilePath12MakeFileNameERKS1_S3_iPKc
FNDA:0,_ZN7testing8internal8FilePath11ConcatPathsERKS1_S3_
FNDA:0,_ZNK7testing8internal8FilePath21FileOrDirectoryExistsEv
FNDA:0,_ZNK7testing8internal8FilePath15DirectoryExistsEv
FNDA:0,_ZNK7testing8internal8FilePath15IsRootDirectoryEv
FNDA:0,_ZNK7testing8internal8FilePath14IsAbsolutePathEv
FNDA:0,_ZN7testing8internal8FilePath22GenerateUniqueFileNameERKS1_S3_PKc
FNDA:0,_ZNK7testing8internal8FilePath11IsDirectoryEv
FNDA:0,_ZNK7testing8internal8FilePath28CreateDirectoriesRecursivelyEv
FNDA:0,_ZNK7testing8internal8FilePath12CreateFolderEv
FNDA:0,_ZNK7testing8internal8FilePath27RemoveTrailingPathSeparatorEv
FNDA:1,_ZN7testing8internal8FilePath9NormalizeEv
FNF:18
FNH:3
DA:90,54
DA:94,54
DA:99,1
DA:108,1
DA:109,1
DA:116,1
DA:124,0
DA:125,0
DA:126,0
DA:127,0
DA:128,0
DA:130,0
DA:136,0
DA:137,0
DA:146,0
DA:155,0
DA:156,0
DA:157,0
DA:166,0
DA:167,0
DA:168,0
DA:169,0
DA:170,0
DA:172,0
DA:174,0
DA:183,0
DA:187,0
DA:188,0
DA:189,0
DA:191,0
DA:192,0
DA:194,0
DA:199,0
DA:201,0
DA:202,0
DA:203,0
DA:204,0
DA:209,0
DA:217,0
DA:223,0
DA:224,0
DA:231,0
DA:244,0
DA:245,0
DA:248,0
DA:253,0
DA:260,0
DA:265,0
DA:266,0
DA:274,0
DA:286,0
DA:289,0
DA:290,0
DA:291,0
DA:292,0
DA:293,0
DA:294,0
DA:300,0
DA:301,0
DA:302,0
DA:308,0
DA:309,0
DA:310,0
DA:313,0
DA:314,0
DA:317,0
DA:318,0
DA:325,0
DA:334,0
DA:337,0
DA:338,0
DA:340,0
DA:346,0
DA:347,0
DA:348,0
DA:349,0
DA:356,1
DA:357,1
DA:358,0
DA:359,0
DA:361,1
DA:362,1
DA:363,1
DA:364,1
DA:366,93
DA:367,46
DA:368,46
DA:369,42
DA:376,12
DA:377,4
DA:379,46
DA:381,1
DA:382,1
DA:383,1
LF:94
LH:22
end_of_record
SF:/src/CppUnitTestDemo/OpenCppCoverageDemo/imports/googletest/googletest/src/gtest-internal-inl.h
FN:136,_ZN7testing8internal21GetRandomSeedFromFlagEi
FN:152,_ZN7testing8internal17GetNextRandomSeedEi
FN:165,_ZN7testing8internal14GTestFlagSaverC2Ev
FN:186,_ZN7testing8internal14GTestFlagSaverD2Ev
FN:283,_ZN7testing8internal7CountIfISt6vectorINS_14TestPartResultESaIS3_EEPFbRKS3_EEEiRKT_T0_
FN:283,_ZN7testing8internal7CountIfISt6vectorIPNS_8TestInfoESaIS4_EEPFbPKS3_EEEiRKT_T0_
FN:283,_ZN7testing8internal7CountIfISt6vectorIPNS_8TestCaseESaIS4_EEPFbPKS3_EEEiRKT_T0_
FN:296,_ZN7testing8internal7ForEachISt6vectorIPNS_11EnvironmentESaIS4_EEPFvS4_EEEvRKT_T0_
FN:296,_ZN7testing8internal7ForEachISt6vectorIPNS_17TestEventListenerESaIS4_EEPFvS4_EEEvRKT_T0_
FN:296,_ZN7testing8internal7ForEachISt6vectorIPNS_8TestInfoESaIS4_EEPFvS4_EEEvRKT_T0_
FN:296,_ZN7testing8internal7ForEachISt6vectorIPNS_8TestCaseESaIS4_EEPFvS4_EEEvRKT_T0_
FN:303,_ZN7testing8internal12GetElementOrIiEET_RKSt6vectorIS2_SaIS2_EEiS2_
FN:312,_ZN7testing8internal12ShuffleRangeIiEEvPNS0_6RandomEiiPSt6vectorIT_SaIS5_EE
FN:333,_ZN7testing8internal7ShuffleIiEEvPNS0_6RandomEPSt6vectorIT_SaIS5_EE
FN:340,_ZN7testing8internalL6DeleteINS_8TestInfoEEEvPT_
FN:340,_ZN7testing8internalL6DeleteINS_17TestEventListenerEEEvPT_
FN:340,_ZN7testing8internalL6DeleteINS_8TestCaseEEEvPT_
FN:340,_ZN7testing8internalL6DeleteINS_11EnvironmentEEEvPT_
FN:347,_ZN7testing8internal17TestPropertyKeyIsC2ERKS1_
FN:347,_ZN7testing8internal17TestPropertyKeyIsC2EOS1_
FN:347,_ZN7testing8internal17TestPropertyKeyIsD2Ev
FN:352,_ZN7testing8internal17TestPropertyKeyIsC2ERKNSt7__cxx1112basic_stringIcSt11char_traitsIcESaIcEEE
FN:355,_ZNK7testing8internal17TestPropertyKeyIsclERKNS_12TestPropertyE
FN:420,_ZN7testing8internal27OsStackTraceGetterInterfaceC2Ev
FN:421,_ZN7testing8internal27OsStackTraceGetterInterfaceD0Ev
FN:421,_ZN7testing8internal27OsStackTraceGetterInterfaceD2Ev
FN:445,_ZN7testing8internal18OsStackTraceGetterD2Ev
FN:445,_ZN7testing8internal18OsStackTraceGetterD0Ev
FN:447,_ZN7testing8internal18OsStackTraceGetterC2Ev
FN:457,_ZN7testing8internal9TraceInfoC2EOS1_
FN:457,_ZN7testing8internal9TraceInfoD2Ev
FN:457,_ZN7testing8internal9TraceInfoC2ERKS1_
FN:457,_ZN7testing8internal9TraceInfoC2Ev
FN:465,_ZN7testing8internal35DefaultGlobalTestPartResultReporterD2Ev
FN:465,_ZN7testing8internal35DefaultGlobalTestPartResultReporterD0Ev
FN:481,_ZN7testing8internal38DefaultPerThreadTestPartResultReporterD2Ev
FN:481,_ZN7testing8internal38DefaultPerThreadTestPartResultReporterD0Ev
FN:561,_ZNK7testing8internal12UnitTestImpl15start_timestampEv
FN:564,_ZNK7testing8internal12UnitTestImpl12elapsed_timeEv
FN:567,_ZNK7testing8internal12UnitTestImpl6PassedEv
FN:571,_ZNK7testing8internal12UnitTestImpl6FailedEv
FN:577,_ZNK7testing8internal12UnitTestImpl11GetTestCaseEi
FN:584,_ZN7testing8internal12UnitTestImpl18GetMutableTestCaseEi
FN:590,_ZN7testing8internal12UnitTestImpl9listenersEv
FN:597,_ZNK7testing8internal12UnitTestImpl18ad_hoc_test_resultEv
FN:645,_ZN7testing8internal12UnitTestImpl11AddTestInfoEPFvvES3_PNS_8TestInfoE
FN:670,_ZN7testing8internal12UnitTestImpl27parameterized_test_registryEv
FN:676,_ZN7testing8internal12UnitTestImpl21set_current_test_caseEPNS_8TestCaseE
FN:683,_ZN7testing8internal12UnitTestImpl21set_current_test_infoEPNS_8TestInfoE
FN:702,_ZN7testing8internal12UnitTestImpl23ClearNonAdHocTestResultEv
FN:733,_ZNK7testing8internal12UnitTestImpl17current_test_caseEv
FN:734,_ZN7testing8internal12UnitTestImpl17current_test_infoEv
FN:735,_ZNK7testing8internal12UnitTestImpl17current_test_infoEv
FN:739,_ZN7testing8internal12UnitTestImpl12environmentsEv
FN:742,_ZN7testing8internal12UnitTestImpl17gtest_trace_stackEv
FN:750,_ZN7testing8internal12UnitTestImpl34InitDeathTestSubprocessControlInfoEv
FN:757,_ZNK7testing8internal12UnitTestImpl28internal_run_death_test_flagEv
FN:762,_ZN7testing8internal12UnitTestImpl18death_test_factoryEv
FN:789,_ZNK7testing8internal12UnitTestImpl11random_seedEv
FN:792,_ZN7testing8internal12UnitTestImpl6randomEv
FN:803,_ZNK7testing8internal12UnitTestImpl16catch_exceptionsEv
FN:810,_ZN7testing8internal12UnitTestImpl20set_catch_exceptionsEb
FN:927,_ZN7testing8internal15GetUnitTestImplEv
FN:967,_ZN7testing8internal18ParseNaturalNumberIiEEbRKNSt7__cxx1112basic_stringIcSt11char_traitsIcESaIcEEEPT_
FN:1035,_ZN7testing8internal17StreamingListenerD0Ev
FN:1035,_ZN7testing8internal17StreamingListenerD2Ev
FN:1038,_ZN7testing8internal17StreamingListener20AbstractSocketWriterC2Ev
FN:1040,_ZN7testing8internal17StreamingListener20AbstractSocketWriterD2Ev
FN:1040,_ZN7testing8internal17StreamingListener20AbstractSocketWriterD0Ev
FN:1046,_ZN7testing8internal17StreamingListener20AbstractSocketWriter15CloseConnectionEv
FN:1049,_ZN7testing8internal17StreamingListener20AbstractSocketWriter6SendLnERKNSt7__cxx1112basic_stringIcSt11char_traitsIcESaIcEEE
FN:1057,_ZN7testing8internal17StreamingListener12SocketWriterC2ERKNSt7__cxx1112basic_stringIcSt11char_traitsIcESaIcEEESA_
FN:1062,_ZN7testing8internal17StreamingListener12SocketWriterD2Ev
FN:1062,_ZN7testing8internal17StreamingListener12SocketWriterD0Ev
FN:1068,_ZN7testing8internal17StreamingListener12SocketWriter4SendERKNSt7__cxx1112basic_stringIcSt11char_traitsIcESaIcEEE
FN:1085,_ZN7testing8internal17StreamingListener12SocketWriter15CloseConnectionEv
FN:1103,_ZN7testing8internal17StreamingListenerC2ERKNSt7__cxx1112basic_stringIcSt11char_traitsIcESaIcEEES9_
FN:1109,_ZN7testing8internal17StreamingListener18OnTestProgramStartERKNS_8UnitTestE
FN:1113,_ZN7testing8internal17StreamingListener16OnTestProgramEndERKNS_8UnitTestE
FN:1122,_ZN7testing8internal17StreamingListener20OnTestIterationStartERKNS_8UnitTestEi
FN:1127,_ZN7testing8internal17StreamingListener18OnTestIterationEndERKNS_8UnitTestEi
FN:1133,_ZN7testing8internal17StreamingListener15OnTestCaseStartERKNS_8TestCaseE
FN:1137,_ZN7testing8internal17StreamingListener13OnTestCaseEndERKNS_8TestCaseE
FN:1143,_ZN7testing8internal17StreamingListener11OnTestStartERKNS_8TestInfoE
FN:1147,_ZN7testing8internal17StreamingListener9OnTestEndERKNS_8TestInfoE
FN:1154,_ZN7testing8internal17StreamingListener16OnTestPartResultERKNS_14TestPartResultE
FN:1165,_ZN7testing8internal17StreamingListener6SendLnERKNSt7__cxx1112basic_stringIcSt11char_traitsIcESaIcEEE
FN:1169,_ZN7testing8internal17StreamingListener5StartEv
FN:1171,_ZN7testing8internal17StreamingListener10FormatBoolB5cxx11Eb
FNDA:0,_ZN7testing8internal21GetRandomSeedFromFlagEi
FNDA:0,_ZN7testing8internal17GetNextRandomSeedEi
FNDA:3,_ZN7testing8internal14GTestFlagSaverC2Ev
FNDA:3,_ZN7testing8internal14GTestFlagSaverD2Ev
FNDA:27,_ZN7testing8internal7CountIfISt6vectorIPNS_8TestInfoESaIS4_EEPFbPKS3_EEEiRKT_T0_
FNDA:7,_ZN7testing8internal7CountIfISt6vectorINS_14TestPartResultESaIS3_EEPFbRKS3_EEEiRKT_T0_
FNDA:4,_ZN7testing8internal7CountIfISt6vectorIPNS_8TestCaseESaIS4_EEPFbPKS3_EEEiRKT_T0_
FNDA:2,_ZN7testing8internal7ForEachISt6vectorIPNS_11EnvironmentESaIS4_EEPFvS4_EEEvRKT_T0_
FNDA:1,_ZN7testing8internal7ForEachISt6vectorIPNS_17TestEventListenerESaIS4_EEPFvS4_EEEvRKT_T0_
FNDA:6,_ZN7testing8internal7ForEachISt6vectorIPNS_8TestInfoESaIS4_EEPFvS4_EEEvRKT_T0_
FNDA:2,_ZN7testing8internal7ForEachISt6vectorIPNS_8TestCaseESaIS4_EEPFvS4_EEEvRKT_T0_
FNDA:6,_ZN7testing8internal12GetElementOrIiEET_RKSt6vectorIS2_SaIS2_EEiS2_
FNDA:0,_ZN7testing8internal12ShuffleRangeIiEEvPNS0_6RandomEiiPSt6vectorIT_SaIS5_EE
FNDA:0,_ZN7testing8internal7ShuffleIiEEvPNS0_6RandomEPSt6vectorIT_SaIS5_EE
FNDA:0,_ZN7testing8internalL6DeleteINS_11EnvironmentEEEvPT_
FNDA:3,_ZN7testing8internalL6DeleteINS_8TestCaseEEEvPT_
FNDA:1,_ZN7testing8internalL6DeleteINS_17TestEventListenerEEEvPT_
FNDA:3,_ZN7testing8internalL6DeleteINS_8TestInfoEEEvPT_
FNDA:0,_ZN7testing8internal17TestPropertyKeyIsC2ERKS1_
FNDA:0,_ZN7testing8internal17TestPropertyKeyIsC2EOS1_
FNDA:0,_ZN7testing8internal17TestPropertyKeyIsD2Ev
FNDA:0,_ZN7testing8internal17TestPropertyKeyIsC2ERKNSt7__cxx1112basic_stringIcSt11char_traitsIcESaIcEEE
FNDA:0,_ZNK7testing8internal17TestPropertyKeyIsclERKNS_12TestPropertyE
FNDA:1,_ZN7testing8internal27OsStackTraceGetterInterfaceC2Ev
FNDA:0,_ZN7testing8internal27OsStackTraceGetterInterfaceD0Ev
FNDA:1,_ZN7testing8internal27OsStackTraceGetterInterfaceD2Ev
FNDA:1,_ZN7testing8internal18OsStackTraceGetterD0Ev
FNDA:1,_ZN7testing8internal18OsStackTraceGetterD2Ev
FNDA:1,_ZN7testing8internal18OsStackTraceGetterC2Ev
FNDA:0,_ZN7testing8internal9TraceInfoC2EOS1_
FNDA:0,_ZN7testing8internal9TraceInfoC2ERKS1_
FNDA:0,_ZN7testing8internal9TraceInfoD2Ev
FNDA:0,_ZN7testing8internal9TraceInfoC2Ev
FNDA:0,_ZN7testing8internal35DefaultGlobalTestPartResultReporterD0Ev
FNDA:1,_ZN7testing8internal35DefaultGlobalTestPartResultReporterD2Ev
FNDA:0,_ZN7testing8internal38DefaultPerThreadTestPartResultReporterD0Ev
FNDA:1,_ZN7testing8internal38DefaultPerThreadTestPartResultReporterD2Ev
FNDA:0,_ZNK7testing8internal12UnitTestImpl15start_timestampEv
FNDA:1,_ZNK7testing8internal12UnitTestImpl12elapsed_timeEv
FNDA:2,_ZNK7testing8internal12UnitTestImpl6PassedEv
FNDA:2,_ZNK7testing8internal12UnitTestImpl6FailedEv
FNDA:0,_ZNK7testing8internal12UnitTestImpl11GetTestCaseEi
FNDA:3,_ZN7testing8internal12UnitTestImpl18GetMutableTestCaseEi
FNDA:8,_ZN7testing8internal12UnitTestImpl9listenersEv
FNDA:2,_ZNK7testing8internal12UnitTestImpl18ad_hoc_test_resultEv
FNDA:3,_ZN7testing8internal12UnitTestImpl11AddTestInfoEPFvvES3_PNS_8TestInfoE
FNDA:0,_ZN7testing8internal12UnitTestImpl27parameterized_test_registryEv
FNDA:6,_ZN7testing8internal12UnitTestImpl21set_current_test_caseEPNS_8TestCaseE
FNDA:6,_ZN7testing8internal12UnitTestImpl21set_current_test_infoEPNS_8TestInfoE
FNDA:1,_ZN7testing8internal12UnitTestImpl23ClearNonAdHocTestResultEv
FNDA:3,_ZNK7testing8internal12UnitTestImpl17current_test_caseEv
FNDA:3,_ZN7testing8internal12UnitTestImpl17current_test_infoEv
FNDA:0,_ZNK7testing8internal12UnitTestImpl17current_test_infoEv
FNDA:0,_ZN7testing8internal12UnitTestImpl12environmentsEv
FNDA:0,_ZN7testing8internal12UnitTestImpl17gtest_trace_stackEv
FNDA:1,_ZN7testing8internal12UnitTestImpl34InitDeathTestSubprocessControlInfoEv
FNDA:0,_ZNK7testing8internal12UnitTestImpl28internal_run_death_test_flagEv
FNDA:0,_ZN7testing8internal12UnitTestImpl18death_test_factoryEv
FNDA:0,_ZNK7testing8internal12UnitTestImpl11random_seedEv
FNDA:0,_ZN7testing8internal12UnitTestImpl6randomEv
FNDA:22,_ZNK7testing8internal12UnitTestImpl16catch_exceptionsEv
FNDA:1,_ZN7testing8internal12UnitTestImpl20set_catch_exceptionsEb
FNDA:45,_ZN7testing8internal15GetUnitTestImplEv
FNDA:0,_ZN7testing8internal18ParseNaturalNumberIiEEbRKNSt7__cxx1112basic_stringIcSt11char_traitsIcESaIcEEEPT_
FNDA:0,_ZN7testing8internal17StreamingListenerD0Ev
FNDA:0,_ZN7testing8internal17StreamingListenerD2Ev
FNDA:0,_ZN7testing8internal17StreamingListener20AbstractSocketWriterC2Ev
FNDA:0,_ZN7testing8internal17StreamingListener20AbstractSocketWriterD0Ev
FNDA:0,_ZN7testing8internal17StreamingListener20AbstractSocketWriterD2Ev
FNDA:0,_ZN7testing8internal17StreamingListener20AbstractSocketWriter15CloseConnectionEv
FNDA:0,_ZN7testing8internal17StreamingListener20AbstractSocketWriter6SendLnERKNSt7__cxx1112basic_stringIcSt11char_traitsIcESaIcEEE
FNDA:0,_ZN7testing8internal17StreamingListener12SocketWriterC2ERKNSt7__cxx1112basic_stringIcSt11char_traitsIcESaIcEEESA_
FNDA:0,_ZN7testing8internal17StreamingListener12SocketWriterD0Ev
FNDA:0,_ZN7testing8internal17StreamingListener12SocketWriterD2Ev
FNDA:0,_ZN7testing8internal17StreamingListener12SocketWriter4SendERKNSt7__cxx1112basic_stringIcSt11char_traitsIcESaIcEEE
FNDA:0,_ZN7testing8internal17StreamingListener12SocketWriter15CloseConnectionEv
FNDA:0,_ZN7testing8internal17StreamingListenerC2ERKNSt7__cxx1112basic_stringIcSt11char_traitsIcESaIcEEES9_
FNDA:0,_ZN7testing8internal17StreamingListener18OnTestProgramStartERKNS_8UnitTestE
FNDA:0,_ZN7testing8internal17StreamingListener16OnTestProgramEndERKNS_8UnitTestE
FNDA:0,_ZN7testing8internal17StreamingListener20OnTestIterationStartERKNS_8UnitTestEi
FNDA:0,_ZN7testing8internal17StreamingListener18OnTestIterationEndERKNS_8UnitTestEi
FNDA:0,_ZN7testing8internal17StreamingListener15OnTestCaseStartERKNS_8TestCaseE
FNDA:0,_ZN7testing8internal17StreamingListener13OnTestCaseEndERKNS_8TestCaseE
FNDA:0,_ZN7testing8internal17StreamingListener11OnTestStartERKNS_8TestInfoE
FNDA:0,_ZN7testing8internal17StreamingListener9OnTestEndERKNS_8TestInfoE
FNDA:0,_ZN7testing8internal17StreamingListener16OnTestPartResultERKNS_14TestPartResultE
FNDA:0,_ZN7testing8internal17StreamingListener6SendLnERKNSt7__cxx1112basic_stringIcSt11char_traitsIcESaIcEEE
FNDA:0,_ZN7testing8internal17StreamingListener5StartEv
FNDA:0,_ZN7testing8internal17StreamingListener10FormatBoolB5cxx11Eb
FNF:89
FNH:36
DA:136,0
DA:137,0
DA:138,0
DA:139,0
DA:143,0
DA:144,0
DA:146,0
DA:152,0
DA:153,0
DA:154,0
DA:155,0
DA:156,0
DA:157,0
DA:165,3
DA:166,3
DA:167,3
DA:168,3
DA:169,3
DA:170,3
DA:171,3
DA:172,3
DA:173,3
DA:174,3
DA:175,3
DA:176,3
DA:177,3
DA:178,3
DA:179,3
DA:180,3
DA:181,3
DA:182,3
DA:183,3
DA:186,6
DA:187,3
DA:188,3
DA:189,3
DA:190,3
DA:191,3
DA:192,3
DA:193,3
DA:194,3
DA:195,3
DA:196,3
DA:197,3
DA:198,3
DA:199,3
DA:200,3
DA:201,3
DA:202,3
DA:203,3
DA:204,3
DA:283,38
DA:286,38
DA:287,77
DA:288,39
DA:289,21
DA:291,38
DA:296,11
DA:297,11
DA:298,11
DA:303,6
DA:304,6
DA:312,0
DA:314,0
DA:315,0
DA:316,0
DA:317,0
DA:318,0
DA:319,0
DA:320,0
DA:324,0
DA:325,0
DA:326,0
DA:327,0
DA:329,0
DA:333,0
DA:334,0
DA:335,0
DA:340,7
DA:341,7
DA:342,7
DA:347,0
DA:352,0
DA:355,0
DA:356,0
DA:420,1
DA:421,1
DA:445,2
DA:447,1
DA:457,0
DA:465,1
DA:481,1
DA:561,0
DA:564,1
DA:567,2
DA:571,2
DA:572,2
DA:577,0
DA:578,0
DA:579,0
DA:584,3
DA:585,3
DA:586,3
DA:590,8
DA:597,2
DA:645,3
DA:655,3
DA:656,1
DA:657,1
DA:658,0
DA:664,3
DA:665,3
DA:670,0
DA:671,0
DA:676,6
DA:677,6
DA:678,6
DA:683,6
DA:684,6
DA:685,6
DA:702,1
DA:703,1
DA:704,1
DA:733,3
DA:734,3
DA:735,0
DA:739,0
DA:742,0
DA:743,0
DA:750,1
DA:751,1
DA:752,1
DA:757,0
DA:758,0
DA:762,0
DA:763,0
DA:789,0
DA:792,0
DA:803,22
DA:810,1
DA:927,45
DA:928,45
DA:967,0
DA:971,0
DA:972,0
DA:974,0
DA:989,0
DA:993,0
[...]
FNDA:0,_ZN9__gnu_cxx13new_allocatorIN7testing8internal9TraceInfoEE10deallocateEPS3_m
FNDA:0,_ZN9__gnu_cxx13new_allocatorIPN7testing11EnvironmentEE10deallocateEPS3_m
FNDA:1,_ZN9__gnu_cxx13new_allocatorIPN7testing17TestEventListenerEE10deallocateEPS3_m
FNDA:6,_ZN9__gnu_cxx13new_allocatorIiE10deallocateEPim
FNDA:3,_ZN9__gnu_cxx13new_allocatorIPN7testing8TestInfoEE10deallocateEPS3_m
FNDA:0,_ZN9__gnu_cxx13new_allocatorIN7testing12TestPropertyEE10deallocateEPS2_m
FNDA:0,_ZN9__gnu_cxx13new_allocatorISt10_List_nodeISt4pairIcPKcEEE10deallocateEPS6_m
FNDA:0,_ZN9__gnu_cxx13new_allocatorImE10deallocateEPmm
FNDA:0,_ZN9__gnu_cxx13new_allocatorISt6vectorIN7testing8internal13edit_distance8EditTypeESaIS5_EEE10deallocateEPS7_m
FNDA:0,_ZN9__gnu_cxx13new_allocatorIN7testing8internal13edit_distance8EditTypeEE10deallocateEPS4_m
FNDA:0,_ZN9__gnu_cxx13new_allocatorISt6vectorIdSaIdEEE10deallocateEPS3_m
FNDA:0,_ZN9__gnu_cxx13new_allocatorIdE10deallocateEPdm
FNDA:1,_ZN9__gnu_cxx13new_allocatorINSt7__cxx1112basic_stringIcSt11char_traitsIcESaIcEEEE10deallocateEPS6_m
FNDA:0,_ZN9__gnu_cxx13new_allocatorIN7testing14TestPartResultEE10deallocateEPS2_m
FNDA:0,_ZN9__gnu_cxx13new_allocatorIPN7testing8internal29ParameterizedTestCaseInfoBaseEE10deallocateEPS4_m
FNDA:0,_ZNK9__gnu_cxx13new_allocatorISt13_Rb_tree_nodeINSt7__cxx1112basic_stringIcSt11char_traitsIcESaIcEEEEE8max_sizeEv
FNDA:0,_ZNK9__gnu_cxx13new_allocatorIPcE8max_sizeEv
FNDA:18,_ZNK9__gnu_cxx13new_allocatorIiE8max_sizeEv
FNDA:0,_ZNK9__gnu_cxx13new_allocatorISt10_List_nodeISt4pairIcPKcEEE8max_sizeEv
FNDA:0,_ZNK9__gnu_cxx13new_allocatorImE8max_sizeEv
FNDA:0,_ZNK9__gnu_cxx13new_allocatorISt13_Rb_tree_nodeISt4pairIKNSt7__cxx1112basic_stringIcSt11char_traitsIcESaIcEEEmEEE8max_sizeEv
FNDA:0,_ZNK9__gnu_cxx13new_allocatorISt6vectorIN7testing8internal13edit_distance8EditTypeESaIS5_EEE8max_sizeEv
FNDA:0,_ZNK9__gnu_cxx13new_allocatorISt6vectorIdSaIdEEE8max_sizeEv
FNDA:0,_ZNK9__gnu_cxx13new_allocatorIdE8max_sizeEv
FNDA:3,_ZNK9__gnu_cxx13new_allocatorINSt7__cxx1112basic_stringIcSt11char_traitsIcESaIcEEEE8max_sizeEv
FNDA:9,_ZNK9__gnu_cxx13new_allocatorIPN7testing8TestCaseEE8max_sizeEv
FNDA:0,_ZNK9__gnu_cxx13new_allocatorIN7testing8internal9TraceInfoEE8max_sizeEv
FNDA:0,_ZNK9__gnu_cxx13new_allocatorIPN7testing11EnvironmentEE8max_sizeEv
FNDA:3,_ZNK9__gnu_cxx13new_allocatorIPN7testing17TestEventListenerEE8max_sizeEv
FNDA:9,_ZNK9__gnu_cxx13new_allocatorIPN7testing8TestInfoEE8max_sizeEv
FNDA:0,_ZNK9__gnu_cxx13new_allocatorIN7testing12TestPropertyEE8max_sizeEv
FNDA:0,_ZNK9__gnu_cxx13new_allocatorIN7testing14TestPartResultEE8max_sizeEv
FNDA:0,_ZNK9__gnu_cxx13new_allocatorIN7testing8internal13edit_distance8EditTypeEE8max_sizeEv
FNDA:0,_ZN9__gnu_cxx13new_allocatorISt13_Rb_tree_nodeINSt7__cxx1112basic_stringIcSt11char_traitsIcESaIcEEEEE9constructIS7_JRKS7_EEEvPT_DpOT0_
FNDA:0,_ZN9__gnu_cxx13new_allocatorISt13_Rb_tree_nodeISt4pairIKNSt7__cxx1112basic_stringIcSt11char_traitsIcESaIcEEEmEEE9constructISA_JRKSt21piecewise_construct_tSt5tupleIJRS9_EESH_IJEEEEEvPT_DpOT0_
FNDA:0,_ZN9__gnu_cxx13new_allocatorISt10_List_nodeISt4pairIcPKcEEE9constructIS5_JS5_EEEvPT_DpOT0_
FNDA:0,_ZN9__gnu_cxx13new_allocatorIPcE9constructIS1_JS1_EEEvPT_DpOT0_
FNDA:0,_ZN9__gnu_cxx13new_allocatorIPN7testing8TestCaseEE9constructIS3_JS3_EEEvPT_DpOT0_
FNDA:6,_ZN9__gnu_cxx13new_allocatorIiE9constructIiJiEEEvPT_DpOT0_
FNDA:0,_ZN9__gnu_cxx13new_allocatorImE9constructImJmEEEvPT_DpOT0_
FNDA:1,_ZN9__gnu_cxx13new_allocatorINSt7__cxx1112basic_stringIcSt11char_traitsIcESaIcEEEE9constructIS6_JS6_EEEvPT_DpOT0_
FNDA:3,_ZN9__gnu_cxx13new_allocatorIPN7testing8TestCaseEE9constructIS3_JRKS3_EEEvPT_DpOT0_
FNDA:0,_ZN9__gnu_cxx13new_allocatorIN7testing8internal9TraceInfoEE9constructIS3_JRKS3_EEEvPT_DpOT0_
FNDA:0,_ZN9__gnu_cxx13new_allocatorIPN7testing11EnvironmentEE9constructIS3_JRKS3_EEEvPT_DpOT0_
FNDA:1,_ZN9__gnu_cxx13new_allocatorIPN7testing17TestEventListenerEE9constructIS3_JRKS3_EEEvPT_DpOT0_
FNDA:3,_ZN9__gnu_cxx13new_allocatorIPN7testing8TestInfoEE9constructIS3_JRKS3_EEEvPT_DpOT0_
FNDA:0,_ZN9__gnu_cxx13new_allocatorIN7testing12TestPropertyEE9constructIS2_JRKS2_EEEvPT_DpOT0_
FNDA:0,_ZN9__gnu_cxx13new_allocatorIN7testing14TestPartResultEE9constructIS2_JRKS2_EEEvPT_DpOT0_
FNDA:0,_ZN9__gnu_cxx13new_allocatorIN7testing8internal13edit_distance8EditTypeEE9constructIS4_JRKS4_EEEvPT_DpOT0_
FNDA:0,_ZN9__gnu_cxx13new_allocatorISt13_Rb_tree_nodeINSt7__cxx1112basic_stringIcSt11char_traitsIcESaIcEEEEE7destroyIS7_EEvPT_
FNDA:0,_ZN9__gnu_cxx13new_allocatorISt13_Rb_tree_nodeISt4pairIKNSt7__cxx1112basic_stringIcSt11char_traitsIcESaIcEEEmEEE7destroyISA_EEvPT_
FNDA:0,_ZN9__gnu_cxx13new_allocatorIPcE7destroyIS1_EEvPT_
FNDA:0,_ZN9__gnu_cxx13new_allocatorIiE7destroyIiEEvPT_
FNDA:0,_ZN9__gnu_cxx13new_allocatorImE7destroyImEEvPT_
FNDA:0,_ZN9__gnu_cxx13new_allocatorINSt7__cxx1112basic_stringIcSt11char_traitsIcESaIcEEEE7destroyIS6_EEvPT_
FNDA:0,_ZN9__gnu_cxx13new_allocatorIPN7testing8TestCaseEE7destroyIS3_EEvPT_
FNDA:0,_ZN9__gnu_cxx13new_allocatorIPN7testing11EnvironmentEE7destroyIS3_EEvPT_
FNDA:0,_ZN9__gnu_cxx13new_allocatorIPN7testing17TestEventListenerEE7destroyIS3_EEvPT_
FNDA:0,_ZN9__gnu_cxx13new_allocatorIPN7testing8TestInfoEE7destroyIS3_EEvPT_
FNDA:0,_ZN9__gnu_cxx13new_allocatorIN7testing12TestPropertyEE7destroyIS2_EEvPT_
FNDA:0,_ZN9__gnu_cxx13new_allocatorIN7testing14TestPartResultEE7destroyIS2_EEvPT_
FNDA:0,_ZN9__gnu_cxx13new_allocatorISt10_List_nodeISt4pairIcPKcEEE7destroyIS5_EEvPT_
FNDA:0,_ZN9__gnu_cxx13new_allocatorIN7testing8internal13edit_distance8EditTypeEE7destroyIS4_EEvPT_
FNDA:0,_ZN9__gnu_cxx13new_allocatorIN7testing8internal9TraceInfoEE7destroyIS3_EEvPT_
FNF:129
FNH:38
DA:79,26
DA:81,0
DA:86,26
DA:99,14
DA:101,14
DA:102,0
DA:111,14
DA:116,14
DA:125,14
DA:126,14
DA:129,42
DA:130,42
DA:135,14
DA:136,14
DA:140,0
LF:15
LH:12
end_of_record
SF:/usr/local/include/c++/7.1.0/ext/type_traits.h
FN:152,_ZN9__gnu_cxx17__is_null_pointerIKcEEbPT_
FNDA:35,_ZN9__gnu_cxx17__is_null_pointerIKcEEbPT_
FNF:1
FNH:1
DA:152,35
DA:153,35
LF:2
LH:2
end_of_record
SF:/usr/local/include/c++/7.1.0/iomanip
FN:165,_ZSt7setfillIcESt8_SetfillIT_ES1_
FN:195,_ZSt12setprecisioni
FN:225,_ZSt4setwi
FNDA:0,_ZSt7setfillIcESt8_SetfillIT_ES1_
FNDA:51,_ZSt12setprecisioni
FNDA:0,_ZSt4setwi
FNF:3
FNH:1
DA:165,0
DA:166,0
DA:195,51
DA:196,51
DA:225,0
DA:226,0
LF:6
LH:2
end_of_record
SF:/usr/local/include/c++/7.1.0/iostream
DA:74,1
LF:1
LH:1
end_of_record
SF:/usr/local/include/c++/7.1.0/new
FN:168,_ZnwmPv
FN:174,_ZdlPvS_
FNDA:14,_ZnwmPv
FNDA:0,_ZdlPvS_
FNF:2
FNH:1
DA:168,14
DA:169,14
DA:174,0
LF:3
LH:2
end_of_record
SF:/usr/local/include/c++/7.1.0/sstream
DA:690,51
LF:1
LH:1
end_of_record
SF:/usr/local/include/c++/7.1.0/tuple
FN:125,_ZNSt10_Head_baseILm0ERKNSt7__cxx1112basic_stringIcSt11char_traitsIcESaIcEEELb0EEC2ES7_
FN:160,_ZNSt10_Head_baseILm0ERKNSt7__cxx1112basic_stringIcSt11char_traitsIcESaIcEEELb0EE7_M_headERS8_
FN:351,_ZNSt11_Tuple_implILm0EJRKNSt7__cxx1112basic_stringIcSt11char_traitsIcESaIcEEEEE7_M_headERS8_
FN:360,_ZNSt11_Tuple_implILm0EJRKNSt7__cxx1112basic_stringIcSt11char_traitsIcESaIcEEEEEC2ES7_
FN:371,_ZNSt11_Tuple_implILm0EJRKNSt7__cxx1112basic_stringIcSt11char_traitsIcESaIcEEEEEC2EOS8_
FN:608,_ZNSt5tupleIJRKNSt7__cxx1112basic_stringIcSt11char_traitsIcESaIcEEEEEC2IvLb1EEES7_
FN:662,_ZNSt5tupleIJRKNSt7__cxx1112basic_stringIcSt11char_traitsIcESaIcEEEEEC2EOS8_
FN:1303,_ZSt12__get_helperILm0ERKNSt7__cxx1112basic_stringIcSt11char_traitsIcESaIcEEEJEERT0_RSt11_Tuple_implIXT_EJS8_DpT1_EE
FN:1314,_ZSt3getILm0EJRKNSt7__cxx1112basic_stringIcSt11char_traitsIcESaIcEEEEERNSt13tuple_elementIXT_ESt5tupleIJDpT0_EEE4typeERSC_
FN:1636,_ZNSt4pairIKNSt7__cxx1112basic_stringIcSt11char_traitsIcESaIcEEEmEC2IJRS6_EJEEESt21piecewise_construct_tSt5tupleIJDpT_EESB_IJDpT0_EE
FN:1648,_ZNSt4pairIKNSt7__cxx1112basic_stringIcSt11char_traitsIcESaIcEEEmEC2IJRS6_EJLm0EEJEJEEERSt5tupleIJDpT_EERSA_IJDpT1_EESt12_Index_tupleIJXspT0_EEESJ_IJXspT2_EEE
FNDA:0,_ZNSt10_Head_baseILm0ERKNSt7__cxx1112basic_stringIcSt11char_traitsIcESaIcEEELb0EEC2ES7_
FNDA:0,_ZNSt10_Head_baseILm0ERKNSt7__cxx1112basic_stringIcSt11char_traitsIcESaIcEEELb0EE7_M_headERS8_
FNDA:0,_ZNSt11_Tuple_implILm0EJRKNSt7__cxx1112basic_stringIcSt11char_traitsIcESaIcEEEEE7_M_headERS8_
FNDA:0,_ZNSt11_Tuple_implILm0EJRKNSt7__cxx1112basic_stringIcSt11char_traitsIcESaIcEEEEEC2ES7_
FNDA:0,_ZNSt11_Tuple_implILm0EJRKNSt7__cxx1112basic_stringIcSt11char_traitsIcESaIcEEEEEC2EOS8_
FNDA:0,_ZNSt5tupleIJRKNSt7__cxx1112basic_stringIcSt11char_traitsIcESaIcEEEEEC2IvLb1EEES7_
FNDA:0,_ZNSt5tupleIJRKNSt7__cxx1112basic_stringIcSt11char_traitsIcESaIcEEEEEC2EOS8_
FNDA:0,_ZSt12__get_helperILm0ERKNSt7__cxx1112basic_stringIcSt11char_traitsIcESaIcEEEJEERT0_RSt11_Tuple_implIXT_EJS8_DpT1_EE
FNDA:0,_ZSt3getILm0EJRKNSt7__cxx1112basic_stringIcSt11char_traitsIcESaIcEEEEERNSt13tuple_elementIXT_ESt5tupleIJDpT0_EEE4typeERSC_
FNDA:0,_ZNSt4pairIKNSt7__cxx1112basic_stringIcSt11char_traitsIcESaIcEEEmEC2IJRS6_EJEEESt21piecewise_construct_tSt5tupleIJDpT_EESB_IJDpT0_EE
FNDA:0,_ZNSt4pairIKNSt7__cxx1112basic_stringIcSt11char_traitsIcESaIcEEEmEC2IJRS6_EJLm0EEJEJEEERSt5tupleIJDpT_EERSA_IJDpT1_EESt12_Index_tupleIJXspT0_EEESJ_IJXspT2_EEE
FNF:11
FNH:0
DA:125,0
DA:126,0
DA:160,0
DA:351,0
DA:360,0
DA:361,0
DA:371,0
DA:373,0
DA:608,0
DA:609,0
DA:662,0
DA:1303,0
DA:1304,0
DA:1314,0
DA:1315,0
DA:1636,0
DA:1641,0
DA:1642,0
DA:1648,0
DA:1651,0
DA:1652,0
DA:1653,0
LF:22
LH:0
end_of_record
SF:/usr/local/include/c++/7.1.0/typeinfo
FN:120,_ZNKSt9type_infoeqERKS_
FNDA:0,_ZNKSt9type_infoeqERKS_
FNF:1
FNH:0
DA:120,0
DA:122,0
DA:123,0
DA:124,0
LF:4
LH:0
end_of_record
TN:
SF:/src/CppUnitTestDemo/OpenCppCoverageDemo/UnitTestConsole/TestSource.cpp
FN:6,_ZN8TestDemo39NORMAL_MESSAGE_TEST_SAY_HELLO_TEST_Test8TestBodyEv
FN:6,_ZN8TestDemo39NORMAL_MESSAGE_TEST_SAY_HELLO_TEST_TestD0Ev
FN:6,_ZN8TestDemo39NORMAL_MESSAGE_TEST_SAY_HELLO_TEST_TestD2Ev
FN:6,_ZN8TestDemo39NORMAL_MESSAGE_TEST_SAY_HELLO_TEST_TestC2Ev
FN:10,_ZN8TestDemo29EQ_CONDITION_ADD_EQ_TEST_TestD0Ev
FN:10,_ZN8TestDemo29EQ_CONDITION_ADD_EQ_TEST_Test8TestBodyEv
FN:10,_ZN8TestDemo29EQ_CONDITION_ADD_EQ_TEST_TestD2Ev
FN:10,_ZN8TestDemo29EQ_CONDITION_ADD_EQ_TEST_TestC2Ev
FN:14,_ZN8TestDemo39NAGTIVE_CONDITION_ADD_NAGTIVE_TEST_TestD2Ev
FN:14,_ZN8TestDemo39NAGTIVE_CONDITION_ADD_NAGTIVE_TEST_TestC2Ev
FN:14,_ZN8TestDemo39NAGTIVE_CONDITION_ADD_NAGTIVE_TEST_Test8TestBodyEv
FN:14,_ZN8TestDemo39NAGTIVE_CONDITION_ADD_NAGTIVE_TEST_TestD0Ev
FN:18,_Z41__static_initialization_and_destruction_0ii
FN:18,_GLOBAL__sub_I__ZN8TestDemo39NORMAL_MESSAGE_TEST_SAY_HELLO_TEST_Test10test_info_E
FNDA:1,_ZN8TestDemo39NORMAL_MESSAGE_TEST_SAY_HELLO_TEST_TestD0Ev
FNDA:1,_ZN8TestDemo39NORMAL_MESSAGE_TEST_SAY_HELLO_TEST_TestD2Ev
FNDA:1,_ZN8TestDemo39NORMAL_MESSAGE_TEST_SAY_HELLO_TEST_Test8TestBodyEv
FNDA:1,_ZN8TestDemo39NORMAL_MESSAGE_TEST_SAY_HELLO_TEST_TestC2Ev
FNDA:1,_ZN8TestDemo29EQ_CONDITION_ADD_EQ_TEST_TestD0Ev
FNDA:1,_ZN8TestDemo29EQ_CONDITION_ADD_EQ_TEST_TestD2Ev
FNDA:1,_ZN8TestDemo29EQ_CONDITION_ADD_EQ_TEST_Test8TestBodyEv
FNDA:1,_ZN8TestDemo29EQ_CONDITION_ADD_EQ_TEST_TestC2Ev
FNDA:1,_ZN8TestDemo39NAGTIVE_CONDITION_ADD_NAGTIVE_TEST_TestD0Ev
FNDA:1,_ZN8TestDemo39NAGTIVE_CONDITION_ADD_NAGTIVE_TEST_TestD2Ev
FNDA:1,_ZN8TestDemo39NAGTIVE_CONDITION_ADD_NAGTIVE_TEST_Test8TestBodyEv
FNDA:1,_ZN8TestDemo39NAGTIVE_CONDITION_ADD_NAGTIVE_TEST_TestC2Ev
FNDA:1,_GLOBAL__sub_I__ZN8TestDemo39NORMAL_MESSAGE_TEST_SAY_HELLO_TEST_Test10test_info_E
FNDA:1,_Z41__static_initialization_and_destruction_0ii
FNF:14
FNH:14
DA:6,5
DA:7,1
DA:10,5
DA:11,1
DA:14,5
DA:15,1
DA:18,3
LF:7
LH:7
end_of_record
SF:/src/CppUnitTestDemo/OpenCppCoverageDemo/imports/googletest/googletest/include/gtest/gtest-message.h
FN:85,_ZN7testing7MessageD2Ev
FNDA:51,_ZN7testing7MessageD2Ev
FNF:1
FNH:1
DA:85,51
LF:1
LH:1
end_of_record
SF:/src/CppUnitTestDemo/OpenCppCoverageDemo/imports/googletest/googletest/include/gtest/gtest-printers.h
FN:222,_ZN16testing_internal26DefaultPrintNonContainerToIiEEvRKT_PSo
FN:275,_ZN7testing8internal19FormatForComparisonIiiE6FormatB5cxx11ERKi
FN:349,_ZN7testing8internal33FormatForComparisonFailureMessageIiiEENSt7__cxx1112basic_stringIcSt11char_traitsIcESaIcEEERKT_RKT0_
FN:436,_ZN7testing8internal14DefaultPrintToIiEEvcNS0_13bool_constantILb0EEERKT_PSo
FN:454,_ZN7testing8internal7PrintToIiEEvRKT_PSo
FN:698,_ZN7testing8internal16UniversalPrinterIiE5PrintERKiPSo
FN:783,_ZN7testing8internal21UniversalTersePrinterIiE5PrintERKiPSo
FN:852,_ZN7testing8internal14UniversalPrintIiEEvRKT_PSo
FN:980,_ZN7testing13PrintToStringIiEENSt7__cxx1112basic_stringIcSt11char_traitsIcESaIcEEERKT_
FNDA:0,_ZN16testing_internal26DefaultPrintNonContainerToIiEEvRKT_PSo
FNDA:0,_ZN7testing8internal19FormatForComparisonIiiE6FormatB5cxx11ERKi
FNDA:0,_ZN7testing8internal33FormatForComparisonFailureMessageIiiEENSt7__cxx1112basic_stringIcSt11char_traitsIcESaIcEEERKT_RKT0_
FNDA:0,_ZN7testing8internal14DefaultPrintToIiEEvcNS0_13bool_constantILb0EEERKT_PSo
FNDA:0,_ZN7testing8internal7PrintToIiEEvRKT_PSo
FNDA:0,_ZN7testing8internal16UniversalPrinterIiE5PrintERKiPSo
FNDA:0,_ZN7testing8internal21UniversalTersePrinterIiE5PrintERKiPSo
FNDA:0,_ZN7testing8internal14UniversalPrintIiEEvRKT_PSo
FNDA:0,_ZN7testing13PrintToStringIiEENSt7__cxx1112basic_stringIcSt11char_traitsIcESaIcEEERKT_
FNF:9
FNH:0
DA:222,0
DA:249,0
DA:250,0
DA:275,0
DA:276,0
DA:349,0
DA:351,0
DA:436,0
DA:439,0
DA:440,0
DA:454,0
DA:477,0
DA:478,0
DA:698,0
DA:707,0
DA:708,0
DA:783,0
DA:784,0
DA:785,0
DA:852,0
DA:856,0
DA:857,0
DA:980,0
DA:981,0
DA:982,0
DA:983,0
LF:26
LH:0
end_of_record
SF:/src/CppUnitTestDemo/OpenCppCoverageDemo/imports/googletest/googletest/include/gtest/gtest.h
FN:256,_ZN7testing15AssertionResultD2Ev
FN:288,_ZNK7testing15AssertionResultcvbEv
FN:297,_ZNK7testing15AssertionResult7messageEv
FN:302,_ZNK7testing15AssertionResult15failure_messageEv
FN:389,_ZN7testing4Test13SetUpTestCaseEv
FN:397,_ZN7testing4Test16TearDownTestCaseEv
FN:474,_ZN7testing4Test5SetupEv
FN:1375,_ZN7testing8internal18CmpHelperEQFailureIiiEENS_15AssertionResultEPKcS4_RKT_RKT0_
FN:1387,_ZN7testing8internal11CmpHelperEQIiiEENS_15AssertionResultEPKcS4_RKT_RKT0_
FN:1417,_ZN7testing8internal8EqHelperILb0EE7CompareIiiEENS_15AssertionResultEPKcS6_RKT_RKT0_
FNDA:2,_ZN7testing15AssertionResultD2Ev
FNDA:2,_ZNK7testing15AssertionResultcvbEv
FNDA:0,_ZNK7testing15AssertionResult7messageEv
FNDA:0,_ZNK7testing15AssertionResult15failure_messageEv
FNDA:3,_ZN7testing4Test13SetUpTestCaseEv
FNDA:3,_ZN7testing4Test16TearDownTestCaseEv
FNDA:0,_ZN7testing4Test5SetupEv
FNDA:0,_ZN7testing8internal18CmpHelperEQFailureIiiEENS_15AssertionResultEPKcS4_RKT_RKT0_
FNDA:2,_ZN7testing8internal11CmpHelperEQIiiEENS_15AssertionResultEPKcS4_RKT_RKT0_
FNDA:2,_ZN7testing8internal8EqHelperILb0EE7CompareIiiEENS_15AssertionResultEPKcS6_RKT_RKT0_
FNF:10
FNH:6
DA:256,2
DA:288,2
DA:297,0
DA:298,0
DA:302,0
DA:389,3
DA:397,3
DA:474,0
DA:1375,0
DA:1382,0
DA:1387,2
DA:1392,2
DA:1393,2
DA:1397,0
DA:1417,2
DA:1421,2
LF:16
LH:9
end_of_record
SF:/src/CppUnitTestDemo/OpenCppCoverageDemo/imports/googletest/googletest/include/gtest/internal/gtest-internal.h
FN:466,_ZN7testing8internal15TestFactoryBaseD2Ev
FN:466,_ZN7testing8internal15TestFactoryBaseD0Ev
FN:473,_ZN7testing8internal15TestFactoryBaseC2Ev
FN:482,_ZN7testing8internal15TestFactoryImplIN8TestDemo39NORMAL_MESSAGE_TEST_SAY_HELLO_TEST_TestEEC2Ev
FN:482,_ZN7testing8internal15TestFactoryImplIN8TestDemo39NAGTIVE_CONDITION_ADD_NAGTIVE_TEST_TestEED2Ev
FN:482,_ZN7testing8internal15TestFactoryImplIN8TestDemo39NORMAL_MESSAGE_TEST_SAY_HELLO_TEST_TestEED0Ev
FN:482,_ZN7testing8internal15TestFactoryImplIN8TestDemo39NORMAL_MESSAGE_TEST_SAY_HELLO_TEST_TestEED2Ev
FN:482,_ZN7testing8internal15TestFactoryImplIN8TestDemo29EQ_CONDITION_ADD_EQ_TEST_TestEEC2Ev
FN:482,_ZN7testing8internal15TestFactoryImplIN8TestDemo29EQ_CONDITION_ADD_EQ_TEST_TestEED2Ev
FN:482,_ZN7testing8internal15TestFactoryImplIN8TestDemo39NAGTIVE_CONDITION_ADD_NAGTIVE_TEST_TestEED0Ev
FN:482,_ZN7testing8internal15TestFactoryImplIN8TestDemo39NAGTIVE_CONDITION_ADD_NAGTIVE_TEST_TestEEC2Ev
FN:482,_ZN7testing8internal15TestFactoryImplIN8TestDemo29EQ_CONDITION_ADD_EQ_TEST_TestEED0Ev
FN:484,_ZN7testing8internal15TestFactoryImplIN8TestDemo29EQ_CONDITION_ADD_EQ_TEST_TestEE10CreateTestEv
FN:484,_ZN7testing8internal15TestFactoryImplIN8TestDemo39NORMAL_MESSAGE_TEST_SAY_HELLO_TEST_TestEE10CreateTestEv
FN:484,_ZN7testing8internal15TestFactoryImplIN8TestDemo39NAGTIVE_CONDITION_ADD_NAGTIVE_TEST_TestEE10CreateTestEv
FN:504,_ZN7testing8internal12CodeLocationD2Ev
FN:505,_ZN7testing8internal12CodeLocationC2ERKNSt7__cxx1112basic_stringIcSt11char_traitsIcESaIcEEEi
FN:940,_ZN7testing8internal15IsContainerTestIiEEcl
FNDA:0,_ZN7testing8internal15TestFactoryBaseD0Ev
FNDA:3,_ZN7testing8internal15TestFactoryBaseD2Ev
FNDA:3,_ZN7testing8internal15TestFactoryBaseC2Ev
FNDA:1,_ZN7testing8internal15TestFactoryImplIN8TestDemo39NORMAL_MESSAGE_TEST_SAY_HELLO_TEST_TestEED0Ev
FNDA:1,_ZN7testing8internal15TestFactoryImplIN8TestDemo39NORMAL_MESSAGE_TEST_SAY_HELLO_TEST_TestEED2Ev
FNDA:1,_ZN7testing8internal15TestFactoryImplIN8TestDemo29EQ_CONDITION_ADD_EQ_TEST_TestEED0Ev
FNDA:1,_ZN7testing8internal15TestFactoryImplIN8TestDemo29EQ_CONDITION_ADD_EQ_TEST_TestEED2Ev
FNDA:1,_ZN7testing8internal15TestFactoryImplIN8TestDemo39NAGTIVE_CONDITION_ADD_NAGTIVE_TEST_TestEED0Ev
FNDA:1,_ZN7testing8internal15TestFactoryImplIN8TestDemo39NAGTIVE_CONDITION_ADD_NAGTIVE_TEST_TestEED2Ev
FNDA:1,_ZN7testing8internal15TestFactoryImplIN8TestDemo39NAGTIVE_CONDITION_ADD_NAGTIVE_TEST_TestEEC2Ev
FNDA:1,_ZN7testing8internal15TestFactoryImplIN8TestDemo29EQ_CONDITION_ADD_EQ_TEST_TestEEC2Ev
FNDA:1,_ZN7testing8internal15TestFactoryImplIN8TestDemo39NORMAL_MESSAGE_TEST_SAY_HELLO_TEST_TestEEC2Ev
FNDA:1,_ZN7testing8internal15TestFactoryImplIN8TestDemo39NORMAL_MESSAGE_TEST_SAY_HELLO_TEST_TestEE10CreateTestEv
FNDA:1,_ZN7testing8internal15TestFactoryImplIN8TestDemo29EQ_CONDITION_ADD_EQ_TEST_TestEE10CreateTestEv
FNDA:1,_ZN7testing8internal15TestFactoryImplIN8TestDemo39NAGTIVE_CONDITION_ADD_NAGTIVE_TEST_TestEE10CreateTestEv
FNDA:9,_ZN7testing8internal12CodeLocationD2Ev
FNDA:3,_ZN7testing8internal12CodeLocationC2ERKNSt7__cxx1112basic_stringIcSt11char_traitsIcESaIcEEEi
FNDA:0,_ZN7testing8internal15IsContainerTestIiEEcl
FNF:18
FNH:16
DA:466,3
DA:473,3
DA:482,9
DA:484,3
DA:504,9
DA:505,3
DA:940,0
LF:7
LH:6
end_of_record
SF:/src/CppUnitTestDemo/OpenCppCoverageDemo/imports/googletest/googletest/include/gtest/internal/gtest-port.h
FN:1120,_ZN7testing8internal10scoped_ptrINSt7__cxx1112basic_stringIcSt11char_traitsIcESaIcEEEED2Ev
FN:1120,_ZN7testing8internal10scoped_ptrINSt7__cxx1118basic_stringstreamIcSt11char_traitsIcESaIcEEEED2Ev
FN:1123,_ZNK7testing8internal10scoped_ptrINSt7__cxx1112basic_stringIcSt11char_traitsIcESaIcEEEEptEv
FN:1124,_ZNK7testing8internal10scoped_ptrINSt7__cxx1112basic_stringIcSt11char_traitsIcESaIcEEEE3getEv
FN:1132,_ZN7testing8internal10scoped_ptrINSt7__cxx1118basic_stringstreamIcSt11char_traitsIcESaIcEEEE5resetEPS7_
FN:1132,_ZN7testing8internal10scoped_ptrINSt7__cxx1112basic_stringIcSt11char_traitsIcESaIcEEEE5resetEPS7_
FNDA:2,_ZN7testing8internal10scoped_ptrINSt7__cxx1112basic_stringIcSt11char_traitsIcESaIcEEEED2Ev
FNDA:51,_ZN7testing8internal10scoped_ptrINSt7__cxx1118basic_stringstreamIcSt11char_traitsIcESaIcEEEED2Ev
FNDA:0,_ZNK7testing8internal10scoped_ptrINSt7__cxx1112basic_stringIcSt11char_traitsIcESaIcEEEEptEv
FNDA:0,_ZNK7testing8internal10scoped_ptrINSt7__cxx1112basic_stringIcSt11char_traitsIcESaIcEEEE3getEv
FNDA:51,_ZN7testing8internal10scoped_ptrINSt7__cxx1118basic_stringstreamIcSt11char_traitsIcESaIcEEEE5resetEPS7_
FNDA:2,_ZN7testing8internal10scoped_ptrINSt7__cxx1112basic_stringIcSt11char_traitsIcESaIcEEEE5resetEPS7_
FNF:6
FNH:4
DA:1120,53
DA:1123,0
DA:1124,0
DA:1132,53
DA:1133,53
DA:1134,51
DA:1135,51
DA:1137,51
DA:1139,53
LF:9
LH:7
end_of_record
SF:/usr/local/include/c++/7.1.0/bits/ios_base.h
FN:129,_ZStorSt13_Ios_OpenmodeS_
FNDA:51,_ZStorSt13_Ios_OpenmodeS_
FNF:1
FNH:1
DA:129,51
DA:130,51
LF:2
LH:2
end_of_record
SF:/usr/local/include/c++/7.1.0/iostream
DA:74,1
LF:1
LH:1
end_of_record
